Copyright 1986-2015 Xilinx, Inc. All Rights Reserved.
-----------------------------------------------------------------------------------------
| Tool Version      : Vivado v.2015.4 (lin64) Build 1412921 Wed Nov 18 09:44:32 MST 2015
| Date              : Thu Sep 16 13:23:24 2021
| Host              : usera-computer running 64-bit Ubuntu 20.04.3 LTS
| Command           : report_clock_utilization -file out/clock_util.rpt
| Design            : red_pitaya_top
| Device            : 7z010-clg400
| Speed File        : -1  PRODUCTION 1.11 2014-09-11
| Temperature Grade : C
-----------------------------------------------------------------------------------------

Clock Utilization Report

Table of Contents
-----------------
1. Clock Primitive Utilization
2. Details of Global Clocks
3. Details of Regional Clocks
4. Details of Multi-Regional Clocks
5. Details of I/O Clocks
6. Details of Local Clocks
7. Clock Regions : Key Resource Utilization
8. Net wise resources used in clock region X0Y0
9. Net wise resources used in clock region X1Y0
10. Net wise resources used in clock region X0Y1
11. Net wise resources used in clock region X1Y1

1. Clock Primitive Utilization
------------------------------

+-------+------+-----------+-----------+
| Type  | Used | Available | Num Fixed |
+-------+------+-----------+-----------+
| BUFG  |    6 |        32 |         0 |
| BUFH  |    0 |        48 |         0 |
| BUFIO |    0 |         8 |         0 |
| MMCM  |    0 |         2 |         0 |
| PLL   |    1 |         2 |         0 |
| BUFR  |    0 |         8 |         0 |
| BUFMR |    0 |         4 |         0 |
+-------+------+-----------+-----------+


2. Details of Global Clocks
---------------------------

+-------+----------------------------------------------------------------------------------+----------------------------------------------------------+---------------+-------+
|       |                                                                                  |                                                          |   Num Loads   |       |
+-------+----------------------------------------------------------------------------------+----------------------------------------------------------+-------+-------+-------+
| Index | BUFG Cell                                                                        | Net Name                                                 |  BELs | Sites | Fixed |
+-------+----------------------------------------------------------------------------------+----------------------------------------------------------+-------+-------+-------+
|     1 | bufg_dac_clk_2p                                                                  | dac_clk_2p                                               |     1 |     1 |    no |
|     2 | bufg_dac_clk_2x                                                                  | dac_clk_2x                                               |     1 |     1 |    no |
|     3 | bufg_dac_clk_1x                                                                  | dac_clk_1x                                               |    45 |    28 |    no |
|     4 | bufg_pwm_clk                                                                     | pwm_clk                                                  |   215 |    65 |    no |
|     5 | i_ps/system_i/system_i/processing_system7/inst/buffer_fclk_clk_3.FCLK_CLK_3_BUFG | i_ps/system_i/system_i/processing_system7/inst/FCLK_CLK3 |   851 |   219 |    no |
|     6 | bufg_adc_clk                                                                     | daisy_p_o_OBUF[1]                                        | 12154 |  3729 |    no |
+-------+----------------------------------------------------------------------------------+----------------------------------------------------------+-------+-------+-------+


+-------+----------+----------------+--------------+-------+
|       |          |                |   Num Loads  |       |
+-------+----------+----------------+------+-------+-------+
| Index | PLL Cell | Net Name       | BELs | Sites | Fixed |
+-------+----------+----------------+------+-------+-------+
|     1 | pll/pll  | pll/clk_adc    |    1 |     1 |    no |
|     2 | pll/pll  | pll/clk_dac_1x |    1 |     1 |    no |
|     3 | pll/pll  | pll/clk_dac_2p |    1 |     1 |    no |
|     4 | pll/pll  | pll/clk_dac_2x |    1 |     1 |    no |
|     5 | pll/pll  | pll/clk_fb     |    1 |     1 |    no |
|     6 | pll/pll  | pll/clk_pwm    |    1 |     1 |    no |
+-------+----------+----------------+------+-------+-------+


3. Details of Regional Clocks
-----------------------------

4. Details of Multi-Regional Clocks
-----------------------------------

5. Details of I/O Clocks
------------------------

6. Details of Local Clocks
--------------------------

+-------+--------------------------------+------------------------------------+--------------+-------+
|       |                                |                                    |   Num Loads  |       |
+-------+--------------------------------+------------------------------------+------+-------+-------+
| Index | Local Clk Src                  | Net Name                           | BELs | Sites | Fixed |
+-------+--------------------------------+------------------------------------+------+-------+-------+
|     1 | i_clk                          | adc_clk_in                         |    1 |     1 |   yes |
|     2 | i_hk/dna_clk_reg               | i_hk/dna_clk                       |    1 |     1 |    no |
|     3 | i_asg/c1/count_reg[0]_LDC_i_1  | i_asg/c1/count_reg[0]_LDC_i_1_n_0  |    2 |     2 |    no |
|     4 | i_asg/c1/count_reg[10]_LDC_i_1 | i_asg/c1/count_reg[10]_LDC_i_1_n_0 |    2 |     2 |    no |
|     5 | i_asg/c1/count_reg[11]_LDC_i_1 | i_asg/c1/count_reg[11]_LDC_i_1_n_0 |    2 |     2 |    no |
|     6 | i_asg/c1/count_reg[12]_LDC_i_1 | i_asg/c1/count_reg[12]_LDC_i_1_n_0 |    2 |     2 |    no |
|     7 | i_asg/c1/count_reg[13]_LDC_i_1 | i_asg/c1/count_reg[13]_LDC_i_1_n_0 |    2 |     2 |    no |
|     8 | i_asg/c1/count_reg[14]_LDC_i_1 | i_asg/c1/count_reg[14]_LDC_i_1_n_0 |    2 |     2 |    no |
|     9 | i_asg/c1/count_reg[15]_LDC_i_1 | i_asg/c1/count_reg[15]_LDC_i_1_n_0 |    2 |     2 |    no |
|    10 | i_asg/c1/count_reg[16]_LDC_i_1 | i_asg/c1/count_reg[16]_LDC_i_1_n_0 |    2 |     2 |    no |
|    11 | i_asg/c1/count_reg[17]_LDC_i_1 | i_asg/c1/count_reg[17]_LDC_i_1_n_0 |    2 |     2 |    no |
|    12 | i_asg/c1/count_reg[18]_LDC_i_1 | i_asg/c1/count_reg[18]_LDC_i_1_n_0 |    2 |     2 |    no |
|    13 | i_asg/c1/count_reg[19]_LDC_i_1 | i_asg/c1/count_reg[19]_LDC_i_1_n_0 |    2 |     2 |    no |
|    14 | i_asg/c1/count_reg[1]_LDC_i_1  | i_asg/c1/count_reg[1]_LDC_i_1_n_0  |    2 |     2 |    no |
|    15 | i_asg/c1/count_reg[20]_LDC_i_1 | i_asg/c1/count_reg[20]_LDC_i_1_n_0 |    2 |     2 |    no |
|    16 | i_asg/c1/count_reg[21]_LDC_i_1 | i_asg/c1/count_reg[21]_LDC_i_1_n_0 |    2 |     2 |    no |
|    17 | i_asg/c1/count_reg[22]_LDC_i_1 | i_asg/c1/count_reg[22]_LDC_i_1_n_0 |    2 |     2 |    no |
|    18 | i_asg/c1/count_reg[23]_LDC_i_1 | i_asg/c1/count_reg[23]_LDC_i_1_n_0 |    2 |     2 |    no |
|    19 | i_asg/c1/count_reg[24]_LDC_i_1 | i_asg/c1/count_reg[24]_LDC_i_1_n_0 |    2 |     2 |    no |
|    20 | i_asg/c1/count_reg[25]_LDC_i_1 | i_asg/c1/count_reg[25]_LDC_i_1_n_0 |    2 |     2 |    no |
|    21 | i_asg/c1/count_reg[26]_LDC_i_1 | i_asg/c1/count_reg[26]_LDC_i_1_n_0 |    2 |     2 |    no |
|    22 | i_asg/c1/count_reg[27]_LDC_i_1 | i_asg/c1/count_reg[27]_LDC_i_1_n_0 |    2 |     2 |    no |
|    23 | i_asg/c1/count_reg[28]_LDC_i_1 | i_asg/c1/count_reg[28]_LDC_i_1_n_0 |    2 |     2 |    no |
|    24 | i_asg/c1/count_reg[29]_LDC_i_1 | i_asg/c1/count_reg[29]_LDC_i_1_n_0 |    2 |     2 |    no |
|    25 | i_asg/c1/count_reg[2]_LDC_i_1  | i_asg/c1/count_reg[2]_LDC_i_1_n_0  |    2 |     2 |    no |
|    26 | i_asg/c1/count_reg[30]_LDC_i_1 | i_asg/c1/count_reg[30]_LDC_i_1_n_0 |    2 |     2 |    no |
|    27 | i_asg/c1/count_reg[31]_LDC_i_1 | i_asg/c1/count_reg[31]_LDC_i_1_n_0 |    2 |     2 |    no |
|    28 | i_asg/c1/count_reg[3]_LDC_i_1  | i_asg/c1/count_reg[3]_LDC_i_1_n_0  |    2 |     2 |    no |
|    29 | i_asg/c1/count_reg[4]_LDC_i_1  | i_asg/c1/count_reg[4]_LDC_i_1_n_0  |    2 |     2 |    no |
|    30 | i_asg/c1/count_reg[5]_LDC_i_1  | i_asg/c1/count_reg[5]_LDC_i_1_n_0  |    2 |     2 |    no |
|    31 | i_asg/c1/count_reg[6]_LDC_i_1  | i_asg/c1/count_reg[6]_LDC_i_1_n_0  |    2 |     2 |    no |
|    32 | i_asg/c1/count_reg[7]_LDC_i_1  | i_asg/c1/count_reg[7]_LDC_i_1_n_0  |    2 |     2 |    no |
|    33 | i_asg/c1/count_reg[8]_LDC_i_1  | i_asg/c1/count_reg[8]_LDC_i_1_n_0  |    2 |     2 |    no |
|    34 | i_asg/c1/count_reg[9]_LDC_i_1  | i_asg/c1/count_reg[9]_LDC_i_1_n_0  |    2 |     2 |    no |
+-------+--------------------------------+------------------------------------+------+-------+-------+


7. Clock Regions : Key Resource Utilization
-------------------------------------------

+-------------------+--------------+--------------+--------------+--------------+--------------+--------------+--------------+--------------+--------------+--------------+--------------+--------------+--------------+--------------+--------------+
|                   | Global Clock |     BUFRs    |    BUFMRs    |    BUFIOs    |     MMCM     |      PLL     |      GT      |      PCI     |    ILOGIC    |    OLOGIC    |      FF      |     LUTM     |    RAMB18    |    RAMB36    |    DSP48E1   |
+-------------------+------+-------+------+-------+------+-------+------+-------+------+-------+------+-------+------+-------+------+-------+------+-------+------+-------+------+-------+------+-------+------+-------+------+-------+------+-------+
| Clock Region Name | Used | Avail | Used | Avail | Used | Avail | Used | Avail | Used | Avail | Used | Avail | Used | Avail | Used | Avail | Used | Avail | Used | Avail | Used | Avail | Used | Avail | Used | Avail | Used | Avail | Used | Avail |
+-------------------+------+-------+------+-------+------+-------+------+-------+------+-------+------+-------+------+-------+------+-------+------+-------+------+-------+------+-------+------+-------+------+-------+------+-------+------+-------+
| X0Y0              |    3 |    12 |    0 |     0 |    0 |     0 |    0 |     0 |    0 |     0 |    0 |     0 |    0 |     0 |    0 |     0 |    0 |     0 |    0 |     0 | 3766 |  8800 |   50 |  1600 |    0 |    20 |    4 |    10 |   15 |    20 |
| X1Y0              |    2 |    12 |    0 |     4 |    0 |     2 |    0 |     4 |    0 |     1 |    1 |     1 |    0 |     0 |    0 |     0 |   28 |    50 |    4 |    50 | 3286 |  8800 |    0 |  1400 |    0 |    40 |    4 |    20 |   16 |    20 |
| X0Y1              |    2 |    12 |    0 |     0 |    0 |     0 |    0 |     0 |    0 |     0 |    0 |     0 |    0 |     0 |    0 |     0 |    0 |     0 |    0 |     0 | 3178 |  8800 |   70 |  1600 |    0 |    20 |    9 |    10 |    6 |    20 |
| X1Y1              |    4 |    12 |    0 |     4 |    0 |     2 |    0 |     4 |    0 |     1 |    0 |     1 |    0 |     0 |    0 |     0 |    0 |    50 |   18 |    50 | 2841 |  8800 |    0 |  1400 |    0 |    40 |   17 |    20 |    9 |    20 |
+-------------------+------+-------+------+-------+------+-------+------+-------+------+-------+------+-------+------+-------+------+-------+------+-------+------+-------+------+-------+------+-------+------+-------+------+-------+------+-------+
* RAMB36 site can be used as two RAMB18/FIFO18 sites.


8. Net wise resources used in clock region X0Y0
-----------------------------------------------

+-------------+--------------+-------+-----------+----------+---------+-----------+---------+---------+------+-------+----------+----------------------------------------------------------+
| Source Type | BUFHCE Site  | Fixed | MMCM Pins | PLL Pins | GT Pins | BRAM Pins | ILOGICs | OLOGICs |  FFs | LUTMs | DSP48E1s |                      Clock Net Name                      |
+-------------+--------------+-------+-----------+----------+---------+-----------+---------+---------+------+-------+----------+----------------------------------------------------------+
| BUFG        | BUFHCE_X0Y8  |   no  |         0 |        0 |       0 |         0 |       0 |       0 |    8 |     0 |        0 | i_ps/system_i/system_i/processing_system7/inst/FCLK_CLK3 |
| BUFG        | BUFHCE_X0Y10 |   no  |         0 |        0 |       0 |         0 |       0 |       0 |   29 |     0 |        0 | pwm_clk                                                  |
| BUFG        | BUFHCE_X0Y9  |   no  |         0 |        0 |       0 |         8 |       0 |       0 | 3729 |    50 |        1 | daisy_p_o_OBUF[1]                                        |
+-------------+--------------+-------+-----------+----------+---------+-----------+---------+---------+------+-------+----------+----------------------------------------------------------+


9. Net wise resources used in clock region X1Y0
-----------------------------------------------

+-------------+--------------+-------+-----------+----------+---------+-----------+---------+---------+------+-------+----------+-------------------+
| Source Type | BUFHCE Site  | Fixed | MMCM Pins | PLL Pins | GT Pins | BRAM Pins | ILOGICs | OLOGICs |  FFs | LUTMs | DSP48E1s |   Clock Net Name  |
+-------------+--------------+-------+-----------+----------+---------+-----------+---------+---------+------+-------+----------+-------------------+
| BUFG        | BUFHCE_X1Y10 |   no  |         0 |        0 |       0 |         0 |       0 |       4 |  182 |     0 |        0 | pwm_clk           |
| BUFG        | BUFHCE_X1Y11 |   no  |         0 |        0 |       0 |         8 |      28 |       0 | 3104 |     0 |        7 | daisy_p_o_OBUF[1] |
+-------------+--------------+-------+-----------+----------+---------+-----------+---------+---------+------+-------+----------+-------------------+


10. Net wise resources used in clock region X0Y1
------------------------------------------------

+-------------+--------------+-------+-----------+----------+---------+-----------+---------+---------+------+-------+----------+----------------------------------------------------------+
| Source Type | BUFHCE Site  | Fixed | MMCM Pins | PLL Pins | GT Pins | BRAM Pins | ILOGICs | OLOGICs |  FFs | LUTMs | DSP48E1s |                      Clock Net Name                      |
+-------------+--------------+-------+-----------+----------+---------+-----------+---------+---------+------+-------+----------+----------------------------------------------------------+
| BUFG        | BUFHCE_X0Y20 |   no  |         0 |        0 |       0 |         0 |       0 |       0 |  771 |    70 |        0 | i_ps/system_i/system_i/processing_system7/inst/FCLK_CLK3 |
| BUFG        | BUFHCE_X0Y21 |   no  |         0 |        0 |       0 |        18 |       0 |       0 | 2375 |     0 |        4 | daisy_p_o_OBUF[1]                                        |
+-------------+--------------+-------+-----------+----------+---------+-----------+---------+---------+------+-------+----------+----------------------------------------------------------+


11. Net wise resources used in clock region X1Y1
------------------------------------------------

+-------------+--------------+-------+-----------+----------+---------+-----------+---------+---------+------+-------+----------+-------------------+
| Source Type | BUFHCE Site  | Fixed | MMCM Pins | PLL Pins | GT Pins | BRAM Pins | ILOGICs | OLOGICs |  FFs | LUTMs | DSP48E1s |   Clock Net Name  |
+-------------+--------------+-------+-----------+----------+---------+-----------+---------+---------+------+-------+----------+-------------------+
| BUFG        | BUFHCE_X1Y23 |   no  |         0 |        0 |       0 |         0 |       0 |       1 |    0 |     0 |        0 | dac_clk_2p        |
| BUFG        | BUFHCE_X1Y22 |   no  |         0 |        0 |       0 |         0 |       0 |       1 |    0 |     0 |        0 | dac_clk_2x        |
| BUFG        | BUFHCE_X1Y21 |   no  |         0 |        0 |       0 |         0 |       0 |      16 |   29 |     0 |        0 | dac_clk_1x        |
| BUFG        | BUFHCE_X1Y20 |   no  |         0 |        0 |       0 |        34 |       0 |       0 | 2812 |     0 |        8 | daisy_p_o_OBUF[1] |
+-------------+--------------+-------+-----------+----------+---------+-----------+---------+---------+------+-------+----------+-------------------+



# Location of BUFG Primitives 
set_property LOC BUFGCTRL_X0Y3 [get_cells bufg_dac_clk_1x]
set_property LOC BUFGCTRL_X0Y4 [get_cells bufg_dac_clk_2p]
set_property LOC BUFGCTRL_X0Y5 [get_cells bufg_dac_clk_2x]
set_property LOC BUFGCTRL_X0Y0 [get_cells bufg_adc_clk]
set_property LOC BUFGCTRL_X0Y1 [get_cells i_ps/system_i/system_i/processing_system7/inst/buffer_fclk_clk_3.FCLK_CLK_3_BUFG]
set_property LOC BUFGCTRL_X0Y2 [get_cells bufg_pwm_clk]

# Location of IO Clock Primitives

# Location of MMCM Clock Primitives

# Location of BUFH Clock Primitives

# Location of BUFR Clock Primitives

# Location of BUFMR Clock Primitives

# Location of PLL Clock Primitives
set_property LOC PLLE2_ADV_X0Y0 [get_cells pll/pll]

# Location of IO Primitives which is load of clock spine
set_property LOC IOB_X0Y28 [get_cells daisy_p_o_OBUF[1]_inst]

# Location of clock ports
set_property LOC IOB_X0Y25 [get_ports adc_clk_n_i]
set_property LOC IOB_X0Y26 [get_ports adc_clk_p_i]

# Clock net "dac_clk_1x" driven by instance "bufg_dac_clk_1x" located at site "BUFGCTRL_X0Y3"
#startgroup
create_pblock {CLKAG_dac_clk_1x}
add_cells_to_pblock [get_pblocks  {CLKAG_dac_clk_1x}] [get_cells -filter { PRIMITIVE_GROUP != I/O && IS_PRIMITIVE==1 && PRIMITIVE_LEVEL !=INTERNAL } -of_object [get_pins -filter {DIRECTION==IN} -of_objects [get_nets -hierarchical -filter {PARENT=="dac_clk_1x"}]]]
resize_pblock [get_pblocks {CLKAG_dac_clk_1x}] -add {CLOCKREGION_X1Y1:CLOCKREGION_X1Y1}
#endgroup

# Clock net "dac_clk_2p" driven by instance "bufg_dac_clk_2p" located at site "BUFGCTRL_X0Y4"
#startgroup
create_pblock {CLKAG_dac_clk_2p}
add_cells_to_pblock [get_pblocks  {CLKAG_dac_clk_2p}] [get_cells -filter { PRIMITIVE_GROUP != I/O && IS_PRIMITIVE==1 && PRIMITIVE_LEVEL !=INTERNAL } -of_object [get_pins -filter {DIRECTION==IN} -of_objects [get_nets -hierarchical -filter {PARENT=="dac_clk_2p"}]]]
resize_pblock [get_pblocks {CLKAG_dac_clk_2p}] -add {CLOCKREGION_X1Y1:CLOCKREGION_X1Y1}
#endgroup

# Clock net "dac_clk_2x" driven by instance "bufg_dac_clk_2x" located at site "BUFGCTRL_X0Y5"
#startgroup
create_pblock {CLKAG_dac_clk_2x}
add_cells_to_pblock [get_pblocks  {CLKAG_dac_clk_2x}] [get_cells -filter { PRIMITIVE_GROUP != I/O && IS_PRIMITIVE==1 && PRIMITIVE_LEVEL !=INTERNAL } -of_object [get_pins -filter {DIRECTION==IN} -of_objects [get_nets -hierarchical -filter {PARENT=="dac_clk_2x"}]]]
resize_pblock [get_pblocks {CLKAG_dac_clk_2x}] -add {CLOCKREGION_X1Y1:CLOCKREGION_X1Y1}
#endgroup

# Clock net "daisy_p_o_OBUF[1]" driven by instance "bufg_adc_clk" located at site "BUFGCTRL_X0Y0"
#startgroup
create_pblock {CLKAG_daisy_p_o_OBUF[1]}
add_cells_to_pblock [get_pblocks  {CLKAG_daisy_p_o_OBUF[1]}] [get_cells -filter { PRIMITIVE_GROUP != I/O && IS_PRIMITIVE==1 && PRIMITIVE_LEVEL !=INTERNAL && NAME!=daisy_p_o_OBUF[1]_inst} -of_object [get_pins -filter {DIRECTION==IN} -of_objects [get_nets -hierarchical -filter {PARENT=="daisy_p_o_OBUF[1]"}]]]
resize_pblock [get_pblocks {CLKAG_daisy_p_o_OBUF[1]}] -add {CLOCKREGION_X0Y0:CLOCKREGION_X0Y0 CLOCKREGION_X0Y1:CLOCKREGION_X0Y1 CLOCKREGION_X1Y0:CLOCKREGION_X1Y0 CLOCKREGION_X1Y1:CLOCKREGION_X1Y1}
#endgroup

# Clock net "i_asg/c1/count_reg[0]_LDC_i_1_n_0" driven by instance "i_asg/c1/count_reg[0]_LDC_i_1" located at site "SLICE_X1Y80"
#startgroup
create_pblock {CLKAG_i_asg/c1/count_reg[0]_LDC_i_1_n_0}
add_cells_to_pblock [get_pblocks  {CLKAG_i_asg/c1/count_reg[0]_LDC_i_1_n_0}] [get_cells -filter { PRIMITIVE_GROUP != I/O && IS_PRIMITIVE==1 && PRIMITIVE_LEVEL !=INTERNAL } -of_object [get_pins -filter {DIRECTION==IN} -of_objects [get_nets -hierarchical -filter {PARENT=="i_asg/c1/count_reg[0]_LDC_i_1_n_0"}]]]
resize_pblock [get_pblocks {CLKAG_i_asg/c1/count_reg[0]_LDC_i_1_n_0}] -add {CLOCKREGION_X0Y1:CLOCKREGION_X0Y1}
#endgroup

# Clock net "i_asg/c1/count_reg[10]_LDC_i_1_n_0" driven by instance "i_asg/c1/count_reg[10]_LDC_i_1" located at site "SLICE_X2Y87"
#startgroup
create_pblock {CLKAG_i_asg/c1/count_reg[10]_LDC_i_1_n_0}
add_cells_to_pblock [get_pblocks  {CLKAG_i_asg/c1/count_reg[10]_LDC_i_1_n_0}] [get_cells -filter { PRIMITIVE_GROUP != I/O && IS_PRIMITIVE==1 && PRIMITIVE_LEVEL !=INTERNAL } -of_object [get_pins -filter {DIRECTION==IN} -of_objects [get_nets -hierarchical -filter {PARENT=="i_asg/c1/count_reg[10]_LDC_i_1_n_0"}]]]
resize_pblock [get_pblocks {CLKAG_i_asg/c1/count_reg[10]_LDC_i_1_n_0}] -add {CLOCKREGION_X0Y1:CLOCKREGION_X0Y1}
#endgroup

# Clock net "i_asg/c1/count_reg[11]_LDC_i_1_n_0" driven by instance "i_asg/c1/count_reg[11]_LDC_i_1" located at site "SLICE_X1Y82"
#startgroup
create_pblock {CLKAG_i_asg/c1/count_reg[11]_LDC_i_1_n_0}
add_cells_to_pblock [get_pblocks  {CLKAG_i_asg/c1/count_reg[11]_LDC_i_1_n_0}] [get_cells -filter { PRIMITIVE_GROUP != I/O && IS_PRIMITIVE==1 && PRIMITIVE_LEVEL !=INTERNAL } -of_object [get_pins -filter {DIRECTION==IN} -of_objects [get_nets -hierarchical -filter {PARENT=="i_asg/c1/count_reg[11]_LDC_i_1_n_0"}]]]
resize_pblock [get_pblocks {CLKAG_i_asg/c1/count_reg[11]_LDC_i_1_n_0}] -add {CLOCKREGION_X0Y1:CLOCKREGION_X0Y1}
#endgroup

# Clock net "i_asg/c1/count_reg[12]_LDC_i_1_n_0" driven by instance "i_asg/c1/count_reg[12]_LDC_i_1" located at site "SLICE_X2Y84"
#startgroup
create_pblock {CLKAG_i_asg/c1/count_reg[12]_LDC_i_1_n_0}
add_cells_to_pblock [get_pblocks  {CLKAG_i_asg/c1/count_reg[12]_LDC_i_1_n_0}] [get_cells -filter { PRIMITIVE_GROUP != I/O && IS_PRIMITIVE==1 && PRIMITIVE_LEVEL !=INTERNAL } -of_object [get_pins -filter {DIRECTION==IN} -of_objects [get_nets -hierarchical -filter {PARENT=="i_asg/c1/count_reg[12]_LDC_i_1_n_0"}]]]
resize_pblock [get_pblocks {CLKAG_i_asg/c1/count_reg[12]_LDC_i_1_n_0}] -add {CLOCKREGION_X0Y1:CLOCKREGION_X0Y1}
#endgroup

# Clock net "i_asg/c1/count_reg[13]_LDC_i_1_n_0" driven by instance "i_asg/c1/count_reg[13]_LDC_i_1" located at site "SLICE_X6Y88"
#startgroup
create_pblock {CLKAG_i_asg/c1/count_reg[13]_LDC_i_1_n_0}
add_cells_to_pblock [get_pblocks  {CLKAG_i_asg/c1/count_reg[13]_LDC_i_1_n_0}] [get_cells -filter { PRIMITIVE_GROUP != I/O && IS_PRIMITIVE==1 && PRIMITIVE_LEVEL !=INTERNAL } -of_object [get_pins -filter {DIRECTION==IN} -of_objects [get_nets -hierarchical -filter {PARENT=="i_asg/c1/count_reg[13]_LDC_i_1_n_0"}]]]
resize_pblock [get_pblocks {CLKAG_i_asg/c1/count_reg[13]_LDC_i_1_n_0}] -add {CLOCKREGION_X0Y1:CLOCKREGION_X0Y1}
#endgroup

# Clock net "i_asg/c1/count_reg[14]_LDC_i_1_n_0" driven by instance "i_asg/c1/count_reg[14]_LDC_i_1" located at site "SLICE_X2Y88"
#startgroup
create_pblock {CLKAG_i_asg/c1/count_reg[14]_LDC_i_1_n_0}
add_cells_to_pblock [get_pblocks  {CLKAG_i_asg/c1/count_reg[14]_LDC_i_1_n_0}] [get_cells -filter { PRIMITIVE_GROUP != I/O && IS_PRIMITIVE==1 && PRIMITIVE_LEVEL !=INTERNAL } -of_object [get_pins -filter {DIRECTION==IN} -of_objects [get_nets -hierarchical -filter {PARENT=="i_asg/c1/count_reg[14]_LDC_i_1_n_0"}]]]
resize_pblock [get_pblocks {CLKAG_i_asg/c1/count_reg[14]_LDC_i_1_n_0}] -add {CLOCKREGION_X0Y1:CLOCKREGION_X0Y1}
#endgroup

# Clock net "i_asg/c1/count_reg[15]_LDC_i_1_n_0" driven by instance "i_asg/c1/count_reg[15]_LDC_i_1" located at site "SLICE_X2Y88"
#startgroup
create_pblock {CLKAG_i_asg/c1/count_reg[15]_LDC_i_1_n_0}
add_cells_to_pblock [get_pblocks  {CLKAG_i_asg/c1/count_reg[15]_LDC_i_1_n_0}] [get_cells -filter { PRIMITIVE_GROUP != I/O && IS_PRIMITIVE==1 && PRIMITIVE_LEVEL !=INTERNAL } -of_object [get_pins -filter {DIRECTION==IN} -of_objects [get_nets -hierarchical -filter {PARENT=="i_asg/c1/count_reg[15]_LDC_i_1_n_0"}]]]
resize_pblock [get_pblocks {CLKAG_i_asg/c1/count_reg[15]_LDC_i_1_n_0}] -add {CLOCKREGION_X0Y1:CLOCKREGION_X0Y1}
#endgroup

# Clock net "i_asg/c1/count_reg[16]_LDC_i_1_n_0" driven by instance "i_asg/c1/count_reg[16]_LDC_i_1" located at site "SLICE_X3Y88"
#startgroup
create_pblock {CLKAG_i_asg/c1/count_reg[16]_LDC_i_1_n_0}
add_cells_to_pblock [get_pblocks  {CLKAG_i_asg/c1/count_reg[16]_LDC_i_1_n_0}] [get_cells -filter { PRIMITIVE_GROUP != I/O && IS_PRIMITIVE==1 && PRIMITIVE_LEVEL !=INTERNAL } -of_object [get_pins -filter {DIRECTION==IN} -of_objects [get_nets -hierarchical -filter {PARENT=="i_asg/c1/count_reg[16]_LDC_i_1_n_0"}]]]
resize_pblock [get_pblocks {CLKAG_i_asg/c1/count_reg[16]_LDC_i_1_n_0}] -add {CLOCKREGION_X0Y1:CLOCKREGION_X0Y1}
#endgroup

# Clock net "i_asg/c1/count_reg[17]_LDC_i_1_n_0" driven by instance "i_asg/c1/count_reg[17]_LDC_i_1" located at site "SLICE_X5Y89"
#startgroup
create_pblock {CLKAG_i_asg/c1/count_reg[17]_LDC_i_1_n_0}
add_cells_to_pblock [get_pblocks  {CLKAG_i_asg/c1/count_reg[17]_LDC_i_1_n_0}] [get_cells -filter { PRIMITIVE_GROUP != I/O && IS_PRIMITIVE==1 && PRIMITIVE_LEVEL !=INTERNAL } -of_object [get_pins -filter {DIRECTION==IN} -of_objects [get_nets -hierarchical -filter {PARENT=="i_asg/c1/count_reg[17]_LDC_i_1_n_0"}]]]
resize_pblock [get_pblocks {CLKAG_i_asg/c1/count_reg[17]_LDC_i_1_n_0}] -add {CLOCKREGION_X0Y1:CLOCKREGION_X0Y1}
#endgroup

# Clock net "i_asg/c1/count_reg[18]_LDC_i_1_n_0" driven by instance "i_asg/c1/count_reg[18]_LDC_i_1" located at site "SLICE_X5Y89"
#startgroup
create_pblock {CLKAG_i_asg/c1/count_reg[18]_LDC_i_1_n_0}
add_cells_to_pblock [get_pblocks  {CLKAG_i_asg/c1/count_reg[18]_LDC_i_1_n_0}] [get_cells -filter { PRIMITIVE_GROUP != I/O && IS_PRIMITIVE==1 && PRIMITIVE_LEVEL !=INTERNAL } -of_object [get_pins -filter {DIRECTION==IN} -of_objects [get_nets -hierarchical -filter {PARENT=="i_asg/c1/count_reg[18]_LDC_i_1_n_0"}]]]
resize_pblock [get_pblocks {CLKAG_i_asg/c1/count_reg[18]_LDC_i_1_n_0}] -add {CLOCKREGION_X0Y1:CLOCKREGION_X0Y1}
#endgroup

# Clock net "i_asg/c1/count_reg[19]_LDC_i_1_n_0" driven by instance "i_asg/c1/count_reg[19]_LDC_i_1" located at site "SLICE_X2Y88"
#startgroup
create_pblock {CLKAG_i_asg/c1/count_reg[19]_LDC_i_1_n_0}
add_cells_to_pblock [get_pblocks  {CLKAG_i_asg/c1/count_reg[19]_LDC_i_1_n_0}] [get_cells -filter { PRIMITIVE_GROUP != I/O && IS_PRIMITIVE==1 && PRIMITIVE_LEVEL !=INTERNAL } -of_object [get_pins -filter {DIRECTION==IN} -of_objects [get_nets -hierarchical -filter {PARENT=="i_asg/c1/count_reg[19]_LDC_i_1_n_0"}]]]
resize_pblock [get_pblocks {CLKAG_i_asg/c1/count_reg[19]_LDC_i_1_n_0}] -add {CLOCKREGION_X0Y1:CLOCKREGION_X0Y1}
#endgroup

# Clock net "i_asg/c1/count_reg[1]_LDC_i_1_n_0" driven by instance "i_asg/c1/count_reg[1]_LDC_i_1" located at site "SLICE_X5Y82"
#startgroup
create_pblock {CLKAG_i_asg/c1/count_reg[1]_LDC_i_1_n_0}
add_cells_to_pblock [get_pblocks  {CLKAG_i_asg/c1/count_reg[1]_LDC_i_1_n_0}] [get_cells -filter { PRIMITIVE_GROUP != I/O && IS_PRIMITIVE==1 && PRIMITIVE_LEVEL !=INTERNAL } -of_object [get_pins -filter {DIRECTION==IN} -of_objects [get_nets -hierarchical -filter {PARENT=="i_asg/c1/count_reg[1]_LDC_i_1_n_0"}]]]
resize_pblock [get_pblocks {CLKAG_i_asg/c1/count_reg[1]_LDC_i_1_n_0}] -add {CLOCKREGION_X0Y1:CLOCKREGION_X0Y1}
#endgroup

# Clock net "i_asg/c1/count_reg[20]_LDC_i_1_n_0" driven by instance "i_asg/c1/count_reg[20]_LDC_i_1" located at site "SLICE_X5Y89"
#startgroup
create_pblock {CLKAG_i_asg/c1/count_reg[20]_LDC_i_1_n_0}
add_cells_to_pblock [get_pblocks  {CLKAG_i_asg/c1/count_reg[20]_LDC_i_1_n_0}] [get_cells -filter { PRIMITIVE_GROUP != I/O && IS_PRIMITIVE==1 && PRIMITIVE_LEVEL !=INTERNAL } -of_object [get_pins -filter {DIRECTION==IN} -of_objects [get_nets -hierarchical -filter {PARENT=="i_asg/c1/count_reg[20]_LDC_i_1_n_0"}]]]
resize_pblock [get_pblocks {CLKAG_i_asg/c1/count_reg[20]_LDC_i_1_n_0}] -add {CLOCKREGION_X0Y1:CLOCKREGION_X0Y1}
#endgroup

# Clock net "i_asg/c1/count_reg[21]_LDC_i_1_n_0" driven by instance "i_asg/c1/count_reg[21]_LDC_i_1" located at site "SLICE_X5Y91"
#startgroup
create_pblock {CLKAG_i_asg/c1/count_reg[21]_LDC_i_1_n_0}
add_cells_to_pblock [get_pblocks  {CLKAG_i_asg/c1/count_reg[21]_LDC_i_1_n_0}] [get_cells -filter { PRIMITIVE_GROUP != I/O && IS_PRIMITIVE==1 && PRIMITIVE_LEVEL !=INTERNAL } -of_object [get_pins -filter {DIRECTION==IN} -of_objects [get_nets -hierarchical -filter {PARENT=="i_asg/c1/count_reg[21]_LDC_i_1_n_0"}]]]
resize_pblock [get_pblocks {CLKAG_i_asg/c1/count_reg[21]_LDC_i_1_n_0}] -add {CLOCKREGION_X0Y1:CLOCKREGION_X0Y1}
#endgroup

# Clock net "i_asg/c1/count_reg[22]_LDC_i_1_n_0" driven by instance "i_asg/c1/count_reg[22]_LDC_i_1" located at site "SLICE_X5Y92"
#startgroup
create_pblock {CLKAG_i_asg/c1/count_reg[22]_LDC_i_1_n_0}
add_cells_to_pblock [get_pblocks  {CLKAG_i_asg/c1/count_reg[22]_LDC_i_1_n_0}] [get_cells -filter { PRIMITIVE_GROUP != I/O && IS_PRIMITIVE==1 && PRIMITIVE_LEVEL !=INTERNAL } -of_object [get_pins -filter {DIRECTION==IN} -of_objects [get_nets -hierarchical -filter {PARENT=="i_asg/c1/count_reg[22]_LDC_i_1_n_0"}]]]
resize_pblock [get_pblocks {CLKAG_i_asg/c1/count_reg[22]_LDC_i_1_n_0}] -add {CLOCKREGION_X0Y1:CLOCKREGION_X0Y1}
#endgroup

# Clock net "i_asg/c1/count_reg[23]_LDC_i_1_n_0" driven by instance "i_asg/c1/count_reg[23]_LDC_i_1" located at site "SLICE_X6Y92"
#startgroup
create_pblock {CLKAG_i_asg/c1/count_reg[23]_LDC_i_1_n_0}
add_cells_to_pblock [get_pblocks  {CLKAG_i_asg/c1/count_reg[23]_LDC_i_1_n_0}] [get_cells -filter { PRIMITIVE_GROUP != I/O && IS_PRIMITIVE==1 && PRIMITIVE_LEVEL !=INTERNAL } -of_object [get_pins -filter {DIRECTION==IN} -of_objects [get_nets -hierarchical -filter {PARENT=="i_asg/c1/count_reg[23]_LDC_i_1_n_0"}]]]
resize_pblock [get_pblocks {CLKAG_i_asg/c1/count_reg[23]_LDC_i_1_n_0}] -add {CLOCKREGION_X0Y1:CLOCKREGION_X0Y1}
#endgroup

# Clock net "i_asg/c1/count_reg[24]_LDC_i_1_n_0" driven by instance "i_asg/c1/count_reg[24]_LDC_i_1" located at site "SLICE_X6Y93"
#startgroup
create_pblock {CLKAG_i_asg/c1/count_reg[24]_LDC_i_1_n_0}
add_cells_to_pblock [get_pblocks  {CLKAG_i_asg/c1/count_reg[24]_LDC_i_1_n_0}] [get_cells -filter { PRIMITIVE_GROUP != I/O && IS_PRIMITIVE==1 && PRIMITIVE_LEVEL !=INTERNAL } -of_object [get_pins -filter {DIRECTION==IN} -of_objects [get_nets -hierarchical -filter {PARENT=="i_asg/c1/count_reg[24]_LDC_i_1_n_0"}]]]
resize_pblock [get_pblocks {CLKAG_i_asg/c1/count_reg[24]_LDC_i_1_n_0}] -add {CLOCKREGION_X0Y1:CLOCKREGION_X0Y1}
#endgroup

# Clock net "i_asg/c1/count_reg[25]_LDC_i_1_n_0" driven by instance "i_asg/c1/count_reg[25]_LDC_i_1" located at site "SLICE_X5Y93"
#startgroup
create_pblock {CLKAG_i_asg/c1/count_reg[25]_LDC_i_1_n_0}
add_cells_to_pblock [get_pblocks  {CLKAG_i_asg/c1/count_reg[25]_LDC_i_1_n_0}] [get_cells -filter { PRIMITIVE_GROUP != I/O && IS_PRIMITIVE==1 && PRIMITIVE_LEVEL !=INTERNAL } -of_object [get_pins -filter {DIRECTION==IN} -of_objects [get_nets -hierarchical -filter {PARENT=="i_asg/c1/count_reg[25]_LDC_i_1_n_0"}]]]
resize_pblock [get_pblocks {CLKAG_i_asg/c1/count_reg[25]_LDC_i_1_n_0}] -add {CLOCKREGION_X0Y1:CLOCKREGION_X0Y1}
#endgroup

# Clock net "i_asg/c1/count_reg[26]_LDC_i_1_n_0" driven by instance "i_asg/c1/count_reg[26]_LDC_i_1" located at site "SLICE_X6Y93"
#startgroup
create_pblock {CLKAG_i_asg/c1/count_reg[26]_LDC_i_1_n_0}
add_cells_to_pblock [get_pblocks  {CLKAG_i_asg/c1/count_reg[26]_LDC_i_1_n_0}] [get_cells -filter { PRIMITIVE_GROUP != I/O && IS_PRIMITIVE==1 && PRIMITIVE_LEVEL !=INTERNAL } -of_object [get_pins -filter {DIRECTION==IN} -of_objects [get_nets -hierarchical -filter {PARENT=="i_asg/c1/count_reg[26]_LDC_i_1_n_0"}]]]
resize_pblock [get_pblocks {CLKAG_i_asg/c1/count_reg[26]_LDC_i_1_n_0}] -add {CLOCKREGION_X0Y1:CLOCKREGION_X0Y1}
#endgroup

# Clock net "i_asg/c1/count_reg[27]_LDC_i_1_n_0" driven by instance "i_asg/c1/count_reg[27]_LDC_i_1" located at site "SLICE_X8Y97"
#startgroup
create_pblock {CLKAG_i_asg/c1/count_reg[27]_LDC_i_1_n_0}
add_cells_to_pblock [get_pblocks  {CLKAG_i_asg/c1/count_reg[27]_LDC_i_1_n_0}] [get_cells -filter { PRIMITIVE_GROUP != I/O && IS_PRIMITIVE==1 && PRIMITIVE_LEVEL !=INTERNAL } -of_object [get_pins -filter {DIRECTION==IN} -of_objects [get_nets -hierarchical -filter {PARENT=="i_asg/c1/count_reg[27]_LDC_i_1_n_0"}]]]
resize_pblock [get_pblocks {CLKAG_i_asg/c1/count_reg[27]_LDC_i_1_n_0}] -add {CLOCKREGION_X0Y1:CLOCKREGION_X0Y1}
#endgroup

# Clock net "i_asg/c1/count_reg[28]_LDC_i_1_n_0" driven by instance "i_asg/c1/count_reg[28]_LDC_i_1" located at site "SLICE_X5Y92"
#startgroup
create_pblock {CLKAG_i_asg/c1/count_reg[28]_LDC_i_1_n_0}
add_cells_to_pblock [get_pblocks  {CLKAG_i_asg/c1/count_reg[28]_LDC_i_1_n_0}] [get_cells -filter { PRIMITIVE_GROUP != I/O && IS_PRIMITIVE==1 && PRIMITIVE_LEVEL !=INTERNAL } -of_object [get_pins -filter {DIRECTION==IN} -of_objects [get_nets -hierarchical -filter {PARENT=="i_asg/c1/count_reg[28]_LDC_i_1_n_0"}]]]
resize_pblock [get_pblocks {CLKAG_i_asg/c1/count_reg[28]_LDC_i_1_n_0}] -add {CLOCKREGION_X0Y1:CLOCKREGION_X0Y1}
#endgroup

# Clock net "i_asg/c1/count_reg[29]_LDC_i_1_n_0" driven by instance "i_asg/c1/count_reg[29]_LDC_i_1" located at site "SLICE_X5Y93"
#startgroup
create_pblock {CLKAG_i_asg/c1/count_reg[29]_LDC_i_1_n_0}
add_cells_to_pblock [get_pblocks  {CLKAG_i_asg/c1/count_reg[29]_LDC_i_1_n_0}] [get_cells -filter { PRIMITIVE_GROUP != I/O && IS_PRIMITIVE==1 && PRIMITIVE_LEVEL !=INTERNAL } -of_object [get_pins -filter {DIRECTION==IN} -of_objects [get_nets -hierarchical -filter {PARENT=="i_asg/c1/count_reg[29]_LDC_i_1_n_0"}]]]
resize_pblock [get_pblocks {CLKAG_i_asg/c1/count_reg[29]_LDC_i_1_n_0}] -add {CLOCKREGION_X0Y1:CLOCKREGION_X0Y1}
#endgroup

# Clock net "i_asg/c1/count_reg[2]_LDC_i_1_n_0" driven by instance "i_asg/c1/count_reg[2]_LDC_i_1" located at site "SLICE_X4Y81"
#startgroup
create_pblock {CLKAG_i_asg/c1/count_reg[2]_LDC_i_1_n_0}
add_cells_to_pblock [get_pblocks  {CLKAG_i_asg/c1/count_reg[2]_LDC_i_1_n_0}] [get_cells -filter { PRIMITIVE_GROUP != I/O && IS_PRIMITIVE==1 && PRIMITIVE_LEVEL !=INTERNAL } -of_object [get_pins -filter {DIRECTION==IN} -of_objects [get_nets -hierarchical -filter {PARENT=="i_asg/c1/count_reg[2]_LDC_i_1_n_0"}]]]
resize_pblock [get_pblocks {CLKAG_i_asg/c1/count_reg[2]_LDC_i_1_n_0}] -add {CLOCKREGION_X0Y1:CLOCKREGION_X0Y1}
#endgroup

# Clock net "i_asg/c1/count_reg[30]_LDC_i_1_n_0" driven by instance "i_asg/c1/count_reg[30]_LDC_i_1" located at site "SLICE_X4Y93"
#startgroup
create_pblock {CLKAG_i_asg/c1/count_reg[30]_LDC_i_1_n_0}
add_cells_to_pblock [get_pblocks  {CLKAG_i_asg/c1/count_reg[30]_LDC_i_1_n_0}] [get_cells -filter { PRIMITIVE_GROUP != I/O && IS_PRIMITIVE==1 && PRIMITIVE_LEVEL !=INTERNAL } -of_object [get_pins -filter {DIRECTION==IN} -of_objects [get_nets -hierarchical -filter {PARENT=="i_asg/c1/count_reg[30]_LDC_i_1_n_0"}]]]
resize_pblock [get_pblocks {CLKAG_i_asg/c1/count_reg[30]_LDC_i_1_n_0}] -add {CLOCKREGION_X0Y1:CLOCKREGION_X0Y1}
#endgroup

# Clock net "i_asg/c1/count_reg[31]_LDC_i_1_n_0" driven by instance "i_asg/c1/count_reg[31]_LDC_i_1" located at site "SLICE_X6Y93"
#startgroup
create_pblock {CLKAG_i_asg/c1/count_reg[31]_LDC_i_1_n_0}
add_cells_to_pblock [get_pblocks  {CLKAG_i_asg/c1/count_reg[31]_LDC_i_1_n_0}] [get_cells -filter { PRIMITIVE_GROUP != I/O && IS_PRIMITIVE==1 && PRIMITIVE_LEVEL !=INTERNAL } -of_object [get_pins -filter {DIRECTION==IN} -of_objects [get_nets -hierarchical -filter {PARENT=="i_asg/c1/count_reg[31]_LDC_i_1_n_0"}]]]
resize_pblock [get_pblocks {CLKAG_i_asg/c1/count_reg[31]_LDC_i_1_n_0}] -add {CLOCKREGION_X0Y1:CLOCKREGION_X0Y1}
#endgroup

# Clock net "i_asg/c1/count_reg[3]_LDC_i_1_n_0" driven by instance "i_asg/c1/count_reg[3]_LDC_i_1" located at site "SLICE_X1Y84"
#startgroup
create_pblock {CLKAG_i_asg/c1/count_reg[3]_LDC_i_1_n_0}
add_cells_to_pblock [get_pblocks  {CLKAG_i_asg/c1/count_reg[3]_LDC_i_1_n_0}] [get_cells -filter { PRIMITIVE_GROUP != I/O && IS_PRIMITIVE==1 && PRIMITIVE_LEVEL !=INTERNAL } -of_object [get_pins -filter {DIRECTION==IN} -of_objects [get_nets -hierarchical -filter {PARENT=="i_asg/c1/count_reg[3]_LDC_i_1_n_0"}]]]
resize_pblock [get_pblocks {CLKAG_i_asg/c1/count_reg[3]_LDC_i_1_n_0}] -add {CLOCKREGION_X0Y1:CLOCKREGION_X0Y1}
#endgroup

# Clock net "i_asg/c1/count_reg[4]_LDC_i_1_n_0" driven by instance "i_asg/c1/count_reg[4]_LDC_i_1" located at site "SLICE_X1Y82"
#startgroup
create_pblock {CLKAG_i_asg/c1/count_reg[4]_LDC_i_1_n_0}
add_cells_to_pblock [get_pblocks  {CLKAG_i_asg/c1/count_reg[4]_LDC_i_1_n_0}] [get_cells -filter { PRIMITIVE_GROUP != I/O && IS_PRIMITIVE==1 && PRIMITIVE_LEVEL !=INTERNAL } -of_object [get_pins -filter {DIRECTION==IN} -of_objects [get_nets -hierarchical -filter {PARENT=="i_asg/c1/count_reg[4]_LDC_i_1_n_0"}]]]
resize_pblock [get_pblocks {CLKAG_i_asg/c1/count_reg[4]_LDC_i_1_n_0}] -add {CLOCKREGION_X0Y1:CLOCKREGION_X0Y1}
#endgroup

# Clock net "i_asg/c1/count_reg[5]_LDC_i_1_n_0" driven by instance "i_asg/c1/count_reg[5]_LDC_i_1" located at site "SLICE_X0Y86"
#startgroup
create_pblock {CLKAG_i_asg/c1/count_reg[5]_LDC_i_1_n_0}
add_cells_to_pblock [get_pblocks  {CLKAG_i_asg/c1/count_reg[5]_LDC_i_1_n_0}] [get_cells -filter { PRIMITIVE_GROUP != I/O && IS_PRIMITIVE==1 && PRIMITIVE_LEVEL !=INTERNAL } -of_object [get_pins -filter {DIRECTION==IN} -of_objects [get_nets -hierarchical -filter {PARENT=="i_asg/c1/count_reg[5]_LDC_i_1_n_0"}]]]
resize_pblock [get_pblocks {CLKAG_i_asg/c1/count_reg[5]_LDC_i_1_n_0}] -add {CLOCKREGION_X0Y1:CLOCKREGION_X0Y1}
#endgroup

# Clock net "i_asg/c1/count_reg[6]_LDC_i_1_n_0" driven by instance "i_asg/c1/count_reg[6]_LDC_i_1" located at site "SLICE_X3Y84"
#startgroup
create_pblock {CLKAG_i_asg/c1/count_reg[6]_LDC_i_1_n_0}
add_cells_to_pblock [get_pblocks  {CLKAG_i_asg/c1/count_reg[6]_LDC_i_1_n_0}] [get_cells -filter { PRIMITIVE_GROUP != I/O && IS_PRIMITIVE==1 && PRIMITIVE_LEVEL !=INTERNAL } -of_object [get_pins -filter {DIRECTION==IN} -of_objects [get_nets -hierarchical -filter {PARENT=="i_asg/c1/count_reg[6]_LDC_i_1_n_0"}]]]
resize_pblock [get_pblocks {CLKAG_i_asg/c1/count_reg[6]_LDC_i_1_n_0}] -add {CLOCKREGION_X0Y1:CLOCKREGION_X0Y1}
#endgroup

# Clock net "i_asg/c1/count_reg[7]_LDC_i_1_n_0" driven by instance "i_asg/c1/count_reg[7]_LDC_i_1" located at site "SLICE_X0Y85"
#startgroup
create_pblock {CLKAG_i_asg/c1/count_reg[7]_LDC_i_1_n_0}
add_cells_to_pblock [get_pblocks  {CLKAG_i_asg/c1/count_reg[7]_LDC_i_1_n_0}] [get_cells -filter { PRIMITIVE_GROUP != I/O && IS_PRIMITIVE==1 && PRIMITIVE_LEVEL !=INTERNAL } -of_object [get_pins -filter {DIRECTION==IN} -of_objects [get_nets -hierarchical -filter {PARENT=="i_asg/c1/count_reg[7]_LDC_i_1_n_0"}]]]
resize_pblock [get_pblocks {CLKAG_i_asg/c1/count_reg[7]_LDC_i_1_n_0}] -add {CLOCKREGION_X0Y1:CLOCKREGION_X0Y1}
#endgroup

# Clock net "i_asg/c1/count_reg[8]_LDC_i_1_n_0" driven by instance "i_asg/c1/count_reg[8]_LDC_i_1" located at site "SLICE_X2Y86"
#startgroup
create_pblock {CLKAG_i_asg/c1/count_reg[8]_LDC_i_1_n_0}
add_cells_to_pblock [get_pblocks  {CLKAG_i_asg/c1/count_reg[8]_LDC_i_1_n_0}] [get_cells -filter { PRIMITIVE_GROUP != I/O && IS_PRIMITIVE==1 && PRIMITIVE_LEVEL !=INTERNAL } -of_object [get_pins -filter {DIRECTION==IN} -of_objects [get_nets -hierarchical -filter {PARENT=="i_asg/c1/count_reg[8]_LDC_i_1_n_0"}]]]
resize_pblock [get_pblocks {CLKAG_i_asg/c1/count_reg[8]_LDC_i_1_n_0}] -add {CLOCKREGION_X0Y1:CLOCKREGION_X0Y1}
#endgroup

# Clock net "i_asg/c1/count_reg[9]_LDC_i_1_n_0" driven by instance "i_asg/c1/count_reg[9]_LDC_i_1" located at site "SLICE_X2Y87"
#startgroup
create_pblock {CLKAG_i_asg/c1/count_reg[9]_LDC_i_1_n_0}
add_cells_to_pblock [get_pblocks  {CLKAG_i_asg/c1/count_reg[9]_LDC_i_1_n_0}] [get_cells -filter { PRIMITIVE_GROUP != I/O && IS_PRIMITIVE==1 && PRIMITIVE_LEVEL !=INTERNAL } -of_object [get_pins -filter {DIRECTION==IN} -of_objects [get_nets -hierarchical -filter {PARENT=="i_asg/c1/count_reg[9]_LDC_i_1_n_0"}]]]
resize_pblock [get_pblocks {CLKAG_i_asg/c1/count_reg[9]_LDC_i_1_n_0}] -add {CLOCKREGION_X0Y1:CLOCKREGION_X0Y1}
#endgroup

# Clock net "i_hk/dna_clk" driven by instance "i_hk/dna_clk_reg" located at site "SLICE_X0Y37"
#startgroup
create_pblock {CLKAG_i_hk/dna_clk}
add_cells_to_pblock [get_pblocks  {CLKAG_i_hk/dna_clk}] [get_cells -filter { PRIMITIVE_GROUP != I/O && IS_PRIMITIVE==1 && PRIMITIVE_LEVEL !=INTERNAL } -of_object [get_pins -filter {DIRECTION==IN} -of_objects [get_nets -hierarchical -filter {PARENT=="i_hk/dna_clk"}]]]
resize_pblock [get_pblocks {CLKAG_i_hk/dna_clk}] -add {CLOCKREGION_X0Y0:CLOCKREGION_X0Y0}
#endgroup

# Clock net "i_ps/system_i/system_i/processing_system7/inst/FCLK_CLK3" driven by instance "i_ps/system_i/system_i/processing_system7/inst/buffer_fclk_clk_3.FCLK_CLK_3_BUFG" located at site "BUFGCTRL_X0Y1"
#startgroup
create_pblock {CLKAG_i_ps/system_i/system_i/processing_system7/inst/FCLK_CLK3}
add_cells_to_pblock [get_pblocks  {CLKAG_i_ps/system_i/system_i/processing_system7/inst/FCLK_CLK3}] [get_cells -filter { PRIMITIVE_GROUP != I/O && IS_PRIMITIVE==1 && PRIMITIVE_LEVEL !=INTERNAL } -of_object [get_pins -filter {DIRECTION==IN} -of_objects [get_nets -hierarchical -filter {PARENT=="i_ps/system_i/system_i/processing_system7/inst/FCLK_CLK3"}]]]
resize_pblock [get_pblocks {CLKAG_i_ps/system_i/system_i/processing_system7/inst/FCLK_CLK3}] -add {CLOCKREGION_X0Y0:CLOCKREGION_X0Y0 CLOCKREGION_X0Y1:CLOCKREGION_X0Y1}
#endgroup

# Clock net "pwm_clk" driven by instance "bufg_pwm_clk" located at site "BUFGCTRL_X0Y2"
#startgroup
create_pblock {CLKAG_pwm_clk}
add_cells_to_pblock [get_pblocks  {CLKAG_pwm_clk}] [get_cells -filter { PRIMITIVE_GROUP != I/O && IS_PRIMITIVE==1 && PRIMITIVE_LEVEL !=INTERNAL } -of_object [get_pins -filter {DIRECTION==IN} -of_objects [get_nets -hierarchical -filter {PARENT=="pwm_clk"}]]]
resize_pblock [get_pblocks {CLKAG_pwm_clk}] -add {CLOCKREGION_X0Y0:CLOCKREGION_X0Y0 CLOCKREGION_X1Y0:CLOCKREGION_X1Y0}
#endgroup
