Copyright 1986-2020 Xilinx, Inc. All Rights Reserved.
----------------------------------------------------------------------------------------------------------------
| Tool Version : Vivado v.2020.1 (lin64) Build 2902540 Wed May 27 19:54:35 MDT 2020
| Date         : Thu Nov 26 17:49:40 2020
| Host         : olaf-ThinkCentre-M93p running 64-bit Ubuntu 20.04.1 LTS
| Command      : report_timing -file out/post_route_timing.rpt -sort_by group -max_paths 100 -path_type summary
| Design       : red_pitaya_top
| Device       : 7z010-clg400
| Speed File   : -1  PRODUCTION 1.12 2019-11-22
----------------------------------------------------------------------------------------------------------------

Timing Report

Startpoint                     Endpoint                       Slack(ns)     
----------------------------------------------------------------------------
i_dsp/genblk4[4].iir/y0_reg[5]/C
                               i_dsp/genblk4[4].iir/p_by0_reg[6]/D
                                                              -5.141        
i_dsp/genblk4[4].iir/y0_reg[5]/C
                               i_dsp/genblk4[4].iir/p_by0_reg[11]/D
                                                              -5.140        
i_dsp/genblk4[4].iir/y0_reg[5]/C
                               i_dsp/genblk4[4].iir/p_by0_reg[18]/D
                                                              -5.136        
i_dsp/genblk4[4].iir/y0_reg[5]/C
                               i_dsp/genblk4[4].iir/p_by0_reg[12]/D
                                                              -5.061        
i_dsp/genblk4[4].iir/y0_reg[5]/C
                               i_dsp/genblk4[4].iir/p_by0_reg[9]/D
                                                              -5.015        
i_dsp/genblk4[4].iir/y0_reg[5]/C
                               i_dsp/genblk4[4].iir/p_by0_reg[5]/D
                                                              -4.999        
i_dsp/genblk4[4].iir/y0_reg[5]/C
                               i_dsp/genblk4[4].iir/p_by0_reg[7]/D
                                                              -4.989        
i_dsp/genblk4[4].iir/y0_reg[5]/C
                               i_dsp/genblk4[4].iir/p_by0_reg[15]/D
                                                              -4.986        
i_dsp/genblk4[4].iir/y0_reg[5]/C
                               i_dsp/genblk4[4].iir/p_by0_reg[4]/D
                                                              -4.964        
i_dsp/genblk4[4].iir/a1_reg[15]/C
                               i_dsp/genblk4[4].iir/p_ay1_reg[7]/D
                                                              -4.962        
i_dsp/genblk4[4].iir/a1_reg[15]/C
                               i_dsp/genblk4[4].iir/p_ay1_reg[8]/D
                                                              -4.962        
i_dsp/genblk7[7].iq_2_outputs/iqfilter[1]/genblk2[0].lpf/y_reg[33]/C
                               i_dsp/genblk7[7].iq_2_outputs/modulator/secondproduct1/D[2]
                                                              -4.950        
i_dsp/genblk4[4].iir/y0_reg[5]/C
                               i_dsp/genblk4[4].iir/p_by0_reg[20]/D
                                                              -4.945        
i_dsp/genblk7[7].iq_2_outputs/iqfilter[1]/genblk2[0].lpf/y_reg[33]/C
                               i_dsp/genblk7[7].iq_2_outputs/modulator/secondproduct1/D[5]
                                                              -4.922        
i_dsp/genblk4[4].iir/y0_reg[5]/C
                               i_dsp/genblk4[4].iir/p_by0_reg[29]/D
                                                              -4.918        
i_dsp/genblk4[4].iir/y0_reg[5]/C
                               i_dsp/genblk4[4].iir/p_by0_reg[2]/D
                                                              -4.918        
i_dsp/genblk4[4].iir/y0_reg[5]/C
                               i_dsp/genblk4[4].iir/p_by0_reg[10]/D
                                                              -4.894        
i_dsp/genblk4[4].iir/y0_reg[5]/C
                               i_dsp/genblk4[4].iir/p_by0_reg[13]/D
                                                              -4.871        
i_dsp/genblk7[7].iq_2_outputs/iqfilter[1]/genblk2[0].lpf/y_reg[33]/C
                               i_dsp/genblk7[7].iq_2_outputs/modulator/secondproduct1/D[0]
                                                              -4.855        
i_dsp/genblk4[4].iir/y1b_reg[9]/C
                               i_dsp/genblk4[4].iir/p_by1_reg[20]/D
                                                              -4.854        
i_dsp/genblk4[4].iir/y0_reg[5]/C
                               i_dsp/genblk4[4].iir/overflow_reg[3]/D
                                                              -4.846        
i_dsp/genblk4[4].iir/y0_reg[5]/C
                               i_dsp/genblk4[4].iir/p_by0_reg[8]/D
                                                              -4.845        
i_dsp/genblk7[7].iq_2_outputs/iqfilter[1]/genblk2[0].lpf/y_reg[33]/C
                               i_dsp/genblk7[7].iq_2_outputs/modulator/secondproduct1/D[3]
                                                              -4.837        
i_dsp/genblk7[7].iq_2_outputs/iqfilter[1]/genblk2[0].lpf/y_reg[33]/C
                               i_dsp/genblk7[7].iq_2_outputs/modulator/secondproduct1/D[10]
                                                              -4.833        
i_dsp/genblk7[7].iq_2_outputs/iqfilter[1]/genblk2[0].lpf/y_reg[33]/C
                               i_dsp/genblk7[7].iq_2_outputs/modulator/secondproduct1/D[9]
                                                              -4.831        
i_dsp/genblk4[4].iir/a1_reg[15]/C
                               i_dsp/genblk4[4].iir/p_ay1_reg[12]/D
                                                              -4.822        
i_dsp/genblk4[4].iir/y0_reg[5]/C
                               i_dsp/genblk4[4].iir/p_by0_reg[14]/D
                                                              -4.819        
i_dsp/genblk4[4].iir/y0_reg[5]/C
                               i_dsp/genblk4[4].iir/p_by0_reg[0]/D
                                                              -4.817        
i_dsp/genblk4[4].iir/a1_reg[15]/C
                               i_dsp/genblk4[4].iir/p_ay1_reg[10]/D
                                                              -4.811        
i_dsp/genblk4[4].iir/a1_reg[15]/C
                               i_dsp/genblk4[4].iir/p_ay1_reg[0]/D
                                                              -4.810        
i_dsp/genblk4[4].iir/y0_reg[5]/C
                               i_dsp/genblk4[4].iir/p_by0_reg[28]/D
                                                              -4.803        
i_dsp/genblk4[4].iir/y0_reg[5]/C
                               i_dsp/genblk4[4].iir/p_by0_reg[26]/D
                                                              -4.797        
i_dsp/genblk4[4].iir/y0_reg[5]/C
                               i_dsp/genblk4[4].iir/p_by0_reg[22]/D
                                                              -4.796        
i_dsp/genblk4[4].iir/y0_reg[5]/C
                               i_dsp/genblk4[4].iir/p_by0_reg[3]/D
                                                              -4.794        
i_dsp/genblk4[4].iir/y0_reg[5]/C
                               i_dsp/genblk4[4].iir/p_by0_reg[24]/D
                                                              -4.794        
i_dsp/genblk4[4].iir/y0_reg[5]/C
                               i_dsp/genblk4[4].iir/p_by0_reg[23]/D
                                                              -4.793        
i_dsp/genblk4[4].iir/a1_reg[15]/C
                               i_dsp/genblk4[4].iir/p_ay1_reg[5]/D
                                                              -4.787        
i_dsp/genblk4[4].iir/y0_reg[5]/C
                               i_dsp/genblk4[4].iir/p_by0_reg[17]/D
                                                              -4.781        
i_dsp/genblk4[4].iir/y0_reg[5]/C
                               i_dsp/genblk4[4].iir/p_by0_reg[1]/D
                                                              -4.780        
i_dsp/genblk7[7].iq_2_outputs/iqfilter[1]/genblk2[0].lpf/y_reg[33]/C
                               i_dsp/genblk7[7].iq_2_outputs/modulator/secondproduct1/D[1]
                                                              -4.777        
i_dsp/genblk4[4].iir/a1_reg[15]/C
                               i_dsp/genblk4[4].iir/p_ay1_reg[19]/D
                                                              -4.774        
i_dsp/genblk4[4].iir/a1_reg[15]/C
                               i_dsp/genblk4[4].iir/p_ay1_reg[22]/D
                                                              -4.774        
i_dsp/genblk4[4].iir/a1_reg[15]/C
                               i_dsp/genblk4[4].iir/p_ay1_reg[20]/D
                                                              -4.766        
i_dsp/genblk4[4].iir/y0_reg[5]/C
                               i_dsp/genblk4[4].iir/p_by0_reg[21]/D
                                                              -4.738        
i_dsp/genblk4[4].iir/a1_reg[15]/C
                               i_dsp/genblk4[4].iir/p_ay1_reg[18]/D
                                                              -4.731        
i_dsp/genblk4[4].iir/y0_reg[5]/C
                               i_dsp/genblk4[4].iir/p_by0_reg[25]/D
                                                              -4.729        
i_dsp/genblk7[7].iq_2_outputs/iqfilter[1]/genblk2[0].lpf/y_reg[33]/C
                               i_dsp/genblk7[7].iq_2_outputs/modulator/secondproduct1/D[6]
                                                              -4.728        
i_dsp/genblk4[4].iir/a1_reg[15]/C
                               i_dsp/genblk4[4].iir/p_ay1_reg[13]/D
                                                              -4.726        
i_dsp/genblk7[7].iq_2_outputs/iqfilter[1]/genblk2[0].lpf/y_reg[33]/C
                               i_dsp/genblk7[7].iq_2_outputs/modulator/secondproduct1/D[11]
                                                              -4.723        
i_dsp/genblk4[4].iir/y0_reg[5]/C
                               i_dsp/genblk4[4].iir/p_by0_reg[19]/D
                                                              -4.720        
i_dsp/genblk4[4].iir/y1b_reg[9]/C
                               i_dsp/genblk4[4].iir/p_by1_reg[26]/D
                                                              -4.720        
i_dsp/genblk4[4].iir/y1b_reg[9]/C
                               i_dsp/genblk4[4].iir/p_by1_reg[28]/D
                                                              -4.719        
i_dsp/genblk4[4].iir/a1_reg[15]/C
                               i_dsp/genblk4[4].iir/p_ay1_reg[26]/D
                                                              -4.717        
i_dsp/genblk4[4].iir/a1_reg[15]/C
                               i_dsp/genblk4[4].iir/p_ay1_reg[23]/D
                                                              -4.715        
i_dsp/genblk4[4].iir/a1_reg[15]/C
                               i_dsp/genblk4[4].iir/p_ay1_reg[30]/D
                                                              -4.714        
i_dsp/genblk4[4].iir/a1_reg[15]/C
                               i_dsp/genblk4[4].iir/p_ay1_reg[29]/D
                                                              -4.712        
i_dsp/genblk4[4].iir/a1_reg[15]/C
                               i_dsp/genblk4[4].iir/p_ay1_reg[27]/D
                                                              -4.711        
i_dsp/genblk4[4].iir/a1_reg[15]/C
                               i_dsp/genblk4[4].iir/p_ay1_reg[25]/D
                                                              -4.698        
i_dsp/genblk4[4].iir/a1_reg[15]/C
                               i_dsp/genblk4[4].iir/p_ay1_reg[6]/D
                                                              -4.697        
i_dsp/genblk4[4].iir/a1_reg[15]/C
                               i_dsp/genblk4[4].iir/p_ay1_reg[14]/D
                                                              -4.697        
i_dsp/genblk4[4].iir/a1_reg[15]/C
                               i_dsp/genblk4[4].iir/p_ay1_reg[28]/D
                                                              -4.696        
i_dsp/genblk7[7].iq_2_outputs/iqfilter[1]/genblk2[0].lpf/y_reg[33]/C
                               i_dsp/genblk7[7].iq_2_outputs/modulator/secondproduct1/D[8]
                                                              -4.695        
i_dsp/genblk4[4].iir/a1_reg[15]/C
                               i_dsp/genblk4[4].iir/p_ay1_reg[11]/D
                                                              -4.693        
i_dsp/genblk4[4].iir/a1_reg[15]/C
                               i_dsp/genblk4[4].iir/p_ay1_reg[1]/D
                                                              -4.693        
i_dsp/genblk4[4].iir/a1_reg[15]/C
                               i_dsp/genblk4[4].iir/overflow_reg[0]/D
                                                              -4.692        
i_dsp/genblk4[4].iir/a1_reg[15]/C
                               i_dsp/genblk4[4].iir/p_ay1_reg[17]/D
                                                              -4.692        
i_dsp/genblk7[7].iq_2_outputs/iqfilter[1]/genblk2[0].lpf/y_reg[33]/C
                               i_dsp/genblk7[7].iq_2_outputs/modulator/secondproduct1/D[4]
                                                              -4.689        
i_dsp/genblk4[4].iir/a1_reg[15]/C
                               i_dsp/genblk4[4].iir/p_ay1_reg[4]/D
                                                              -4.688        
i_dsp/genblk4[4].iir/y0_reg[5]/C
                               i_dsp/genblk4[4].iir/p_by0_reg[27]/D
                                                              -4.681        
i_dsp/genblk4[4].iir/a1_reg[15]/C
                               i_dsp/genblk4[4].iir/p_ay1_reg[2]/D
                                                              -4.677        
i_dsp/genblk4[4].iir/y0_reg[5]/C
                               i_dsp/genblk4[4].iir/p_by0_reg[16]/D
                                                              -4.674        
i_dsp/genblk4[4].iir/y0_reg[5]/C
                               i_dsp/genblk4[4].iir/p_by0_reg[30]/D
                                                              -4.661        
i_dsp/genblk7[7].iq_2_outputs/iqfilter[1]/genblk2[0].lpf/y_reg[33]/C
                               i_dsp/genblk7[7].iq_2_outputs/modulator/secondproduct1/D[12]
                                                              -4.658        
i_dsp/genblk4[4].iir/a1_reg[15]/C
                               i_dsp/genblk4[4].iir/p_ay1_reg[9]/D
                                                              -4.654        
i_dsp/genblk4[4].iir/a1_reg[15]/C
                               i_dsp/genblk4[4].iir/p_ay1_reg[24]/D
                                                              -4.651        
i_dsp/genblk4[4].iir/y1b_reg[9]/C
                               i_dsp/genblk4[4].iir/p_by1_reg[10]/D
                                                              -4.647        
i_dsp/genblk4[4].iir/y1b_reg[9]/C
                               i_dsp/genblk4[4].iir/p_by1_reg[11]/D
                                                              -4.647        
i_dsp/genblk4[4].iir/a2_reg[9]/C
                               i_dsp/genblk4[4].iir/p_ay2_reg[19]/D
                                                              -4.631        
i_dsp/genblk4[4].iir/y1b_reg[9]/C
                               i_dsp/genblk4[4].iir/p_by1_reg[4]/D
                                                              -4.626        
i_dsp/genblk4[4].iir/y1b_reg[9]/C
                               i_dsp/genblk4[4].iir/p_by1_reg[3]/D
                                                              -4.623        
i_dsp/genblk4[4].iir/a2_reg[9]/C
                               i_dsp/genblk4[4].iir/p_ay2_reg[1]/D
                                                              -4.617        
i_dsp/genblk4[4].iir/a2_reg[9]/C
                               i_dsp/genblk4[4].iir/p_ay2_reg[7]/D
                                                              -4.616        
i_dsp/genblk4[4].iir/a1_reg[15]/C
                               i_dsp/genblk4[4].iir/p_ay1_reg[21]/D
                                                              -4.615        
i_dsp/genblk4[4].iir/a2_reg[9]/C
                               i_dsp/genblk4[4].iir/p_ay2_reg[4]/D
                                                              -4.613        
i_dsp/genblk4[4].iir/a2_reg[9]/C
                               i_dsp/genblk4[4].iir/p_ay2_reg[2]/D
                                                              -4.613        
i_dsp/genblk4[4].iir/a2_reg[9]/C
                               i_dsp/genblk4[4].iir/p_ay2_reg[3]/D
                                                              -4.606        
i_dsp/genblk4[4].iir/y1b_reg[9]/C
                               i_dsp/genblk4[4].iir/p_by1_reg[24]/D
                                                              -4.605        
i_dsp/genblk4[4].iir/y1b_reg[9]/C
                               i_dsp/genblk4[4].iir/p_by1_reg[19]/D
                                                              -4.601        
i_dsp/genblk4[4].iir/y1b_reg[9]/C
                               i_dsp/genblk4[4].iir/p_by1_reg[5]/D
                                                              -4.598        
i_dsp/genblk4[4].iir/y1b_reg[9]/C
                               i_dsp/genblk4[4].iir/p_by1_reg[6]/D
                                                              -4.592        
i_dsp/genblk4[4].iir/y1b_reg[9]/C
                               i_dsp/genblk4[4].iir/p_by1_reg[8]/D
                                                              -4.588        
i_dsp/genblk4[4].iir/y1b_reg[9]/C
                               i_dsp/genblk4[4].iir/p_by1_reg[27]/D
                                                              -4.580        
i_dsp/genblk4[4].iir/a2_reg[9]/C
                               i_dsp/genblk4[4].iir/p_ay2_reg[6]/D
                                                              -4.579        
i_dsp/genblk4[4].iir/a2_reg[9]/C
                               i_dsp/genblk4[4].iir/p_ay2_reg[23]/D
                                                              -4.577        
i_dsp/genblk4[4].iir/y1b_reg[9]/C
                               i_dsp/genblk4[4].iir/p_by1_reg[22]/D
                                                              -4.573        
i_dsp/genblk7[7].iq_2_outputs/iqfilter[1]/genblk2[0].lpf/y_reg[33]/C
                               i_dsp/genblk7[7].iq_2_outputs/modulator/secondproduct1/D[7]
                                                              -4.572        
i_dsp/genblk4[4].iir/y1b_reg[9]/C
                               i_dsp/genblk4[4].iir/p_by1_reg[0]/D
                                                              -4.569        
i_dsp/genblk4[4].iir/y1b_reg[9]/C
                               i_dsp/genblk4[4].iir/p_by1_reg[16]/D
                                                              -4.567        
i_dsp/genblk4[4].iir/y1b_reg[9]/C
                               i_dsp/genblk4[4].iir/overflow_reg[4]/D
                                                              -4.564        
i_dsp/genblk4[4].iir/y1b_reg[9]/C
                               i_dsp/genblk4[4].iir/p_by1_reg[29]/D
                                                              -4.557        
pwm[2]/v_r_reg[1]/C            pwm[2]/pwm_o_reg/D             -0.570        
pwm[0]/vcnt_r_reg[2]/C         pwm[0]/pwm_o_reg/D             -0.495        
pwm[1]/v_r_reg[2]/C            pwm[1]/pwm_o_reg/D             -0.239        
pwm[3]/v_r_reg[2]/C            pwm[3]/pwm_o_reg/D             -0.177        
i_ps/system_i/system_i/axi_protocol_converter_0/inst/gen_axilite.gen_b2s_conv.axilite_b2s/SI_REG/aw.aw_pipe/m_payload_i_reg[6]/C
                               i_ps/system_i/system_i/axi_protocol_converter_0/inst/gen_axilite.gen_b2s_conv.axilite_b2s/WR.aw_channel_0/cmd_translator_0/wrap_cmd_0/wrap_cnt_r_reg[2]/D
                                                              -0.167        
i_ps/system_i/system_i/axi_protocol_converter_0/inst/gen_axilite.gen_b2s_conv.axilite_b2s/SI_REG/aw.aw_pipe/m_payload_i_reg[6]/C
                               i_ps/system_i/system_i/xadc/inst/AXI_LITE_IPIF_I/I_SLAVE_ATTACHMENT/I_DECODER/GEN_BKEND_CE_REGISTERS[14].ce_out_i_reg[14]/D
                                                              -0.154        
i_ps/system_i/system_i/axi_protocol_converter_0/inst/gen_axilite.gen_b2s_conv.axilite_b2s/RD.ar_channel_0/cmd_translator_0/incr_cmd_0/sel_first_reg/C
                               i_ps/system_i/system_i/xadc/inst/AXI_LITE_IPIF_I/I_SLAVE_ATTACHMENT/I_DECODER/GEN_BKEND_CE_REGISTERS[2].ce_out_i_reg[2]/D
                                                              -0.141        
i_ps/system_i/system_i/axi_protocol_converter_0/inst/gen_axilite.gen_b2s_conv.axilite_b2s/SI_REG/aw.aw_pipe/m_payload_i_reg[6]/C
                               i_ps/system_i/system_i/xadc/inst/AXI_LITE_IPIF_I/I_SLAVE_ATTACHMENT/I_DECODER/GEN_BKEND_CE_REGISTERS[20].ce_out_i_reg[20]/D
                                                              -0.137        
i_ps/system_i/system_i/axi_protocol_converter_0/inst/gen_axilite.gen_b2s_conv.axilite_b2s/SI_REG/aw.aw_pipe/m_payload_i_reg[6]/C
                               i_ps/system_i/system_i/axi_protocol_converter_0/inst/gen_axilite.gen_b2s_conv.axilite_b2s/WR.aw_channel_0/cmd_translator_0/wrap_cmd_0/wrap_cnt_r_reg[0]/CE
                                                              -0.129        
i_ps/system_i/system_i/axi_protocol_converter_0/inst/gen_axilite.gen_b2s_conv.axilite_b2s/SI_REG/aw.aw_pipe/m_payload_i_reg[6]/C
                               i_ps/system_i/system_i/axi_protocol_converter_0/inst/gen_axilite.gen_b2s_conv.axilite_b2s/WR.aw_channel_0/cmd_translator_0/wrap_cmd_0/wrap_cnt_r_reg[1]/CE
                                                              -0.129        
i_ps/system_i/system_i/axi_protocol_converter_0/inst/gen_axilite.gen_b2s_conv.axilite_b2s/SI_REG/aw.aw_pipe/m_payload_i_reg[6]/C
                               i_ps/system_i/system_i/axi_protocol_converter_0/inst/gen_axilite.gen_b2s_conv.axilite_b2s/WR.aw_channel_0/cmd_translator_0/wrap_cmd_0/wrap_cnt_r_reg[2]/CE
                                                              -0.129        
i_ps/system_i/system_i/axi_protocol_converter_0/inst/gen_axilite.gen_b2s_conv.axilite_b2s/SI_REG/aw.aw_pipe/m_payload_i_reg[6]/C
                               i_ps/system_i/system_i/xadc/inst/AXI_LITE_IPIF_I/I_SLAVE_ATTACHMENT/I_DECODER/GEN_BKEND_CE_REGISTERS[13].ce_out_i_reg[13]/D
                                                              -0.063        
i_ps/system_i/system_i/axi_protocol_converter_0/inst/gen_axilite.gen_b2s_conv.axilite_b2s/RD.ar_channel_0/cmd_translator_0/incr_cmd_0/sel_first_reg/C
                               i_ps/system_i/system_i/xadc/inst/AXI_LITE_IPIF_I/I_SLAVE_ATTACHMENT/I_DECODER/GEN_BKEND_CE_REGISTERS[1].ce_out_i_reg[1]/D
                                                              -0.036        
i_ps/system_i/system_i/axi_protocol_converter_0/inst/gen_axilite.gen_b2s_conv.axilite_b2s/SI_REG/aw.aw_pipe/m_payload_i_reg[6]/C
                               i_ps/system_i/system_i/xadc/inst/AXI_LITE_IPIF_I/I_SLAVE_ATTACHMENT/I_DECODER/GEN_BKEND_CE_REGISTERS[8].ce_out_i_reg[8]/D
                                                              -0.021        
i_ps/system_i/system_i/axi_protocol_converter_0/inst/gen_axilite.gen_b2s_conv.axilite_b2s/RD.ar_channel_0/cmd_translator_0/incr_cmd_0/sel_first_reg/C
                               i_ps/system_i/system_i/xadc/inst/AXI_LITE_IPIF_I/I_SLAVE_ATTACHMENT/I_DECODER/GEN_BKEND_CE_REGISTERS[4].ce_out_i_reg[4]/D
                                                              -0.004        
i_ps/system_i/system_i/axi_protocol_converter_0/inst/gen_axilite.gen_b2s_conv.axilite_b2s/RD.ar_channel_0/cmd_translator_0/incr_cmd_0/sel_first_reg/C
                               i_ps/system_i/system_i/xadc/inst/AXI_LITE_IPIF_I/I_SLAVE_ATTACHMENT/I_DECODER/GEN_BKEND_CE_REGISTERS[5].ce_out_i_reg[5]/D
                                                              0.001         
i_ps/system_i/system_i/axi_protocol_converter_0/inst/gen_axilite.gen_b2s_conv.axilite_b2s/SI_REG/aw.aw_pipe/m_payload_i_reg[6]/C
                               i_ps/system_i/system_i/xadc/inst/AXI_LITE_IPIF_I/I_SLAVE_ATTACHMENT/I_DECODER/GEN_BKEND_CE_REGISTERS[22].ce_out_i_reg[22]/D
                                                              0.004         
i_ps/system_i/system_i/axi_protocol_converter_0/inst/gen_axilite.gen_b2s_conv.axilite_b2s/SI_REG/aw.aw_pipe/m_payload_i_reg[6]/C
                               i_ps/system_i/system_i/xadc/inst/AXI_LITE_IPIF_I/I_SLAVE_ATTACHMENT/I_DECODER/GEN_BKEND_CE_REGISTERS[11].ce_out_i_reg[11]/D
                                                              0.015         
i_ps/system_i/system_i/axi_protocol_converter_0/inst/gen_axilite.gen_b2s_conv.axilite_b2s/SI_REG/aw.aw_pipe/m_payload_i_reg[6]/C
                               i_ps/system_i/system_i/xadc/inst/AXI_LITE_IPIF_I/I_SLAVE_ATTACHMENT/I_DECODER/GEN_BKEND_CE_REGISTERS[10].ce_out_i_reg[10]/D
                                                              0.017         
i_ps/system_i/system_i/axi_protocol_converter_0/inst/gen_axilite.gen_b2s_conv.axilite_b2s/RD.ar_channel_0/cmd_translator_0/wrap_cmd_0/sel_first_reg/C
                               i_ps/system_i/system_i/xadc/inst/AXI_XADC_CORE_I/XADC_INST/DADDR[0]
                                                              0.017         
i_ps/system_i/system_i/axi_protocol_converter_0/inst/gen_axilite.gen_b2s_conv.axilite_b2s/SI_REG/aw.aw_pipe/m_payload_i_reg[6]/C
                               i_ps/system_i/system_i/xadc/inst/AXI_LITE_IPIF_I/I_SLAVE_ATTACHMENT/I_DECODER/GEN_BKEND_CE_REGISTERS[19].ce_out_i_reg[19]/D
                                                              0.017         
i_ps/system_i/system_i/axi_protocol_converter_0/inst/gen_axilite.gen_b2s_conv.axilite_b2s/SI_REG/aw.aw_pipe/m_payload_i_reg[6]/C
                               i_ps/system_i/system_i/xadc/inst/AXI_LITE_IPIF_I/I_SLAVE_ATTACHMENT/I_DECODER/GEN_BKEND_CE_REGISTERS[18].ce_out_i_reg[18]/D
                                                              0.026         
i_ps/system_i/system_i/axi_protocol_converter_0/inst/gen_axilite.gen_b2s_conv.axilite_b2s/RD.ar_channel_0/cmd_translator_0/incr_cmd_0/sel_first_reg/C
                               i_ps/system_i/system_i/xadc/inst/AXI_LITE_IPIF_I/I_SLAVE_ATTACHMENT/I_DECODER/GEN_BKEND_CE_REGISTERS[6].ce_out_i_reg[6]/D
                                                              0.031         
i_ps/system_i/system_i/axi_protocol_converter_0/inst/gen_axilite.gen_b2s_conv.axilite_b2s/SI_REG/aw.aw_pipe/m_payload_i_reg[6]/C
                               i_ps/system_i/system_i/xadc/inst/AXI_LITE_IPIF_I/I_SLAVE_ATTACHMENT/I_DECODER/GEN_BKEND_CE_REGISTERS[21].ce_out_i_reg[21]/D
                                                              0.031         
i_ps/system_i/system_i/axi_protocol_converter_0/inst/gen_axilite.gen_b2s_conv.axilite_b2s/SI_REG/aw.aw_pipe/m_payload_i_reg[6]/C
                               i_ps/system_i/system_i/xadc/inst/AXI_LITE_IPIF_I/I_SLAVE_ATTACHMENT/I_DECODER/GEN_BKEND_CE_REGISTERS[15].ce_out_i_reg[15]/D
                                                              0.039         
i_ps/system_i/system_i/axi_protocol_converter_0/inst/gen_axilite.gen_b2s_conv.axilite_b2s/WR.b_channel_0/bid_fifo_0/cnt_read_reg[1]/C
                               i_ps/system_i/system_i/axi_protocol_converter_0/inst/gen_axilite.gen_b2s_conv.axilite_b2s/WR.aw_channel_0/cmd_translator_0/incr_cmd_0/axlen_cnt_reg[4]/R
                                                              0.056         
i_ps/system_i/system_i/axi_protocol_converter_0/inst/gen_axilite.gen_b2s_conv.axilite_b2s/WR.b_channel_0/bid_fifo_0/cnt_read_reg[1]/C
                               i_ps/system_i/system_i/axi_protocol_converter_0/inst/gen_axilite.gen_b2s_conv.axilite_b2s/WR.aw_channel_0/cmd_translator_0/incr_cmd_0/axlen_cnt_reg[5]/R
                                                              0.056         
i_ps/system_i/system_i/axi_protocol_converter_0/inst/gen_axilite.gen_b2s_conv.axilite_b2s/WR.b_channel_0/bid_fifo_0/cnt_read_reg[1]/C
                               i_ps/system_i/system_i/axi_protocol_converter_0/inst/gen_axilite.gen_b2s_conv.axilite_b2s/WR.aw_channel_0/cmd_translator_0/incr_cmd_0/axlen_cnt_reg[6]/R
                                                              0.056         
i_ps/system_i/system_i/axi_protocol_converter_0/inst/gen_axilite.gen_b2s_conv.axilite_b2s/WR.b_channel_0/bid_fifo_0/cnt_read_reg[1]/C
                               i_ps/system_i/system_i/axi_protocol_converter_0/inst/gen_axilite.gen_b2s_conv.axilite_b2s/WR.aw_channel_0/cmd_translator_0/incr_cmd_0/axlen_cnt_reg[7]/R
                                                              0.056         
i_ps/system_i/system_i/axi_protocol_converter_0/inst/gen_axilite.gen_b2s_conv.axilite_b2s/SI_REG/aw.aw_pipe/m_payload_i_reg[5]/C
                               i_ps/system_i/system_i/xadc/inst/AXI_XADC_CORE_I/XADC_INST/DADDR[3]
                                                              0.064         
i_ps/system_i/system_i/processing_system7/inst/PS7_i/MAXIGP1ACLK
                               i_ps/system_i/system_i/xadc/inst/INTR_CTRLR_GEN_I.INTERRUPT_CONTROL_I/GEN_IP_IRPT_STATUS_REG[16].GEN_REG_STATUS.ip_irpt_status_reg_reg[16]/D
                                                              0.082         
i_ps/system_i/system_i/processing_system7/inst/PS7_i/MAXIGP1ACLK
                               i_ps/system_i/system_i/xadc/inst/INTR_CTRLR_GEN_I.INTERRUPT_CONTROL_I/GEN_IP_IRPT_STATUS_REG[8].GEN_REG_STATUS.ip_irpt_status_reg_reg[8]/D
                                                              0.098         
i_ps/system_i/system_i/axi_protocol_converter_0/inst/gen_axilite.gen_b2s_conv.axilite_b2s/RD.ar_channel_0/cmd_translator_0/incr_cmd_0/sel_first_reg/C
                               i_ps/system_i/system_i/xadc/inst/AXI_LITE_IPIF_I/I_SLAVE_ATTACHMENT/I_DECODER/GEN_BKEND_CE_REGISTERS[7].ce_out_i_reg[7]/D
                                                              0.101         
i_ps/system_i/system_i/processing_system7/inst/PS7_i/MAXIGP1ACLK
                               i_ps/system_i/system_i/xadc/inst/INTR_CTRLR_GEN_I.INTERRUPT_CONTROL_I/GEN_IP_IRPT_STATUS_REG[4].GEN_REG_STATUS.ip_irpt_status_reg_reg[4]/D
                                                              0.104         
i_ps/system_i/system_i/processing_system7/inst/PS7_i/MAXIGP1ACLK
                               i_ps/system_i/system_i/xadc/inst/INTR_CTRLR_GEN_I.INTERRUPT_CONTROL_I/GEN_IP_IRPT_STATUS_REG[12].GEN_REG_STATUS.ip_irpt_status_reg_reg[12]/D
                                                              0.105         
i_ps/system_i/system_i/processing_system7/inst/PS7_i/MAXIGP1ACLK
                               i_ps/system_i/system_i/xadc/inst/INTR_CTRLR_GEN_I.INTERRUPT_CONTROL_I/GEN_IP_IRPT_STATUS_REG[1].GEN_REG_STATUS.ip_irpt_status_reg_reg[1]/D
                                                              0.110         
i_ps/system_i/system_i/axi_protocol_converter_0/inst/gen_axilite.gen_b2s_conv.axilite_b2s/RD.ar_channel_0/cmd_translator_0/incr_cmd_0/sel_first_reg/C
                               i_ps/system_i/system_i/xadc/inst/AXI_LITE_IPIF_I/I_SLAVE_ATTACHMENT/I_DECODER/GEN_BKEND_CE_REGISTERS[0].ce_out_i_reg[0]/D
                                                              0.122         
i_ps/system_i/system_i/axi_protocol_converter_0/inst/gen_axilite.gen_b2s_conv.axilite_b2s/SI_REG/aw.aw_pipe/m_payload_i_reg[6]/C
                               i_ps/system_i/system_i/xadc/inst/AXI_LITE_IPIF_I/I_SLAVE_ATTACHMENT/I_DECODER/GEN_BKEND_CE_REGISTERS[9].ce_out_i_reg[9]/D
                                                              0.125         
i_ps/system_i/system_i/xadc/inst/INTR_CTRLR_GEN_I.ip2bus_wrack_reg/C
                               i_ps/system_i/system_i/axi_protocol_converter_0/inst/gen_axilite.gen_b2s_conv.axilite_b2s/WR.aw_channel_0/cmd_translator_0/incr_cmd_0/axaddr_incr_reg[11]/D
                                                              0.126         
i_ps/system_i/system_i/axi_protocol_converter_0/inst/gen_axilite.gen_b2s_conv.axilite_b2s/RD.ar_channel_0/cmd_translator_0/incr_cmd_0/sel_first_reg/C
                               i_ps/system_i/system_i/xadc/inst/AXI_LITE_IPIF_I/I_SLAVE_ATTACHMENT/I_DECODER/GEN_BKEND_CE_REGISTERS[3].ce_out_i_reg[3]/D
                                                              0.129         
i_ps/system_i/system_i/axi_protocol_converter_0/inst/gen_axilite.gen_b2s_conv.axilite_b2s/SI_REG/aw.aw_pipe/m_payload_i_reg[6]/C
                               i_ps/system_i/system_i/xadc/inst/AXI_LITE_IPIF_I/I_SLAVE_ATTACHMENT/I_DECODER/GEN_BKEND_CE_REGISTERS[17].ce_out_i_reg[17]/D
                                                              0.131         
i_ps/system_i/system_i/axi_protocol_converter_0/inst/gen_axilite.gen_b2s_conv.axilite_b2s/SI_REG/aw.aw_pipe/m_payload_i_reg[6]/C
                               i_ps/system_i/system_i/axi_protocol_converter_0/inst/gen_axilite.gen_b2s_conv.axilite_b2s/WR.aw_channel_0/cmd_translator_0/wrap_cmd_0/wrap_cnt_r_reg[3]/D
                                                              0.133         
i_ps/system_i/system_i/axi_protocol_converter_0/inst/gen_axilite.gen_b2s_conv.axilite_b2s/SI_REG/aw.aw_pipe/m_payload_i_reg[3]/C
                               i_ps/system_i/system_i/xadc/inst/AXI_XADC_CORE_I/XADC_INST/DADDR[1]
                                                              0.176         
i_ps/system_i/system_i/axi_protocol_converter_0/inst/gen_axilite.gen_b2s_conv.axilite_b2s/SI_REG/aw.aw_pipe/m_payload_i_reg[6]/C
                               i_ps/system_i/system_i/xadc/inst/AXI_LITE_IPIF_I/I_SLAVE_ATTACHMENT/I_DECODER/GEN_BKEND_CE_REGISTERS[23].ce_out_i_reg[23]/D
                                                              0.177         
i_ps/system_i/system_i/axi_protocol_converter_0/inst/gen_axilite.gen_b2s_conv.axilite_b2s/SI_REG/aw.aw_pipe/m_payload_i_reg[6]/C
                               i_ps/system_i/system_i/xadc/inst/AXI_LITE_IPIF_I/I_SLAVE_ATTACHMENT/I_DECODER/GEN_BKEND_CE_REGISTERS[12].ce_out_i_reg[12]/D
                                                              0.179         
i_ps/system_i/system_i/axi_protocol_converter_0/inst/gen_axilite.gen_b2s_conv.axilite_b2s/WR.b_channel_0/bid_fifo_0/cnt_read_reg[1]/C
                               i_ps/system_i/system_i/axi_protocol_converter_0/inst/gen_axilite.gen_b2s_conv.axilite_b2s/WR.aw_channel_0/cmd_translator_0/incr_cmd_0/axlen_cnt_reg[0]/CE
                                                              0.181         
i_ps/system_i/system_i/axi_protocol_converter_0/inst/gen_axilite.gen_b2s_conv.axilite_b2s/WR.b_channel_0/bid_fifo_0/cnt_read_reg[1]/C
                               i_ps/system_i/system_i/axi_protocol_converter_0/inst/gen_axilite.gen_b2s_conv.axilite_b2s/WR.aw_channel_0/cmd_translator_0/incr_cmd_0/axlen_cnt_reg[1]/CE
                                                              0.181         
i_ps/system_i/system_i/axi_protocol_converter_0/inst/gen_axilite.gen_b2s_conv.axilite_b2s/WR.b_channel_0/bid_fifo_0/cnt_read_reg[1]/C
                               i_ps/system_i/system_i/axi_protocol_converter_0/inst/gen_axilite.gen_b2s_conv.axilite_b2s/WR.aw_channel_0/cmd_translator_0/incr_cmd_0/axlen_cnt_reg[2]/CE
                                                              0.181         
i_ps/system_i/system_i/axi_protocol_converter_0/inst/gen_axilite.gen_b2s_conv.axilite_b2s/WR.b_channel_0/bid_fifo_0/cnt_read_reg[1]/C
                               i_ps/system_i/system_i/axi_protocol_converter_0/inst/gen_axilite.gen_b2s_conv.axilite_b2s/WR.aw_channel_0/cmd_translator_0/incr_cmd_0/axlen_cnt_reg[3]/CE
                                                              0.181         
i_ps/system_i/system_i/axi_protocol_converter_0/inst/gen_axilite.gen_b2s_conv.axilite_b2s/RD.ar_channel_0/ar_cmd_fsm_0/FSM_sequential_state_reg[1]/C
                               i_ps/system_i/system_i/axi_protocol_converter_0/inst/gen_axilite.gen_b2s_conv.axilite_b2s/RD.ar_channel_0/cmd_translator_0/wrap_cmd_0/wrap_cnt_r_reg[0]/CE
                                                              0.187         
i_ps/system_i/system_i/axi_protocol_converter_0/inst/gen_axilite.gen_b2s_conv.axilite_b2s/RD.ar_channel_0/ar_cmd_fsm_0/FSM_sequential_state_reg[1]/C
                               i_ps/system_i/system_i/axi_protocol_converter_0/inst/gen_axilite.gen_b2s_conv.axilite_b2s/RD.ar_channel_0/cmd_translator_0/wrap_cmd_0/wrap_cnt_r_reg[1]/CE
                                                              0.187         
i_ps/system_i/system_i/axi_protocol_converter_0/inst/gen_axilite.gen_b2s_conv.axilite_b2s/RD.ar_channel_0/ar_cmd_fsm_0/FSM_sequential_state_reg[1]/C
                               i_ps/system_i/system_i/axi_protocol_converter_0/inst/gen_axilite.gen_b2s_conv.axilite_b2s/RD.ar_channel_0/cmd_translator_0/wrap_cmd_0/wrap_cnt_r_reg[2]/CE
                                                              0.187         
i_ps/system_i/system_i/axi_protocol_converter_0/inst/gen_axilite.gen_b2s_conv.axilite_b2s/SI_REG/aw.aw_pipe/m_payload_i_reg[7]/C
                               i_ps/system_i/system_i/xadc/inst/AXI_XADC_CORE_I/XADC_INST/DADDR[5]
                                                              0.203         
i_ps/system_i/system_i/axi_protocol_converter_0/inst/gen_axilite.gen_b2s_conv.axilite_b2s/SI_REG/ar.ar_pipe/m_payload_i_reg[3]/C
                               i_ps/system_i/system_i/axi_protocol_converter_0/inst/gen_axilite.gen_b2s_conv.axilite_b2s/RD.ar_channel_0/cmd_translator_0/wrap_cmd_0/wrap_second_len_r_reg[0]/D
                                                              0.207         
i_ps/system_i/system_i/xadc/inst/INTR_CTRLR_GEN_I.ip2bus_rdack_reg/C
                               i_ps/system_i/system_i/axi_protocol_converter_0/inst/gen_axilite.gen_b2s_conv.axilite_b2s/RD.ar_channel_0/cmd_translator_0/incr_cmd_0/axaddr_incr_reg[9]/D
                                                              0.209         
i_ams/dac_c_o_reg[15]/C        pwm[2]/b_reg[15]/D             0.224         
i_ps/system_i/system_i/processing_system7/inst/PS7_i/MAXIGP1ACLK
                               i_ps/system_i/system_i/xadc/inst/INTR_CTRLR_GEN_I.INTERRUPT_CONTROL_I/GEN_IP_IRPT_STATUS_REG[10].GEN_REG_STATUS.ip_irpt_status_reg_reg[10]/D
                                                              0.226         
i_ps/system_i/system_i/processing_system7/inst/PS7_i/MAXIGP1ACLK
                               i_ps/system_i/system_i/xadc/inst/INTR_CTRLR_GEN_I.INTERRUPT_CONTROL_I/GEN_IP_IRPT_STATUS_REG[0].GEN_REG_STATUS.ip_irpt_status_reg_reg[0]/D
                                                              0.227         
i_ps/system_i/system_i/axi_protocol_converter_0/inst/gen_axilite.gen_b2s_conv.axilite_b2s/RD.r_channel_0/rd_data_fifo_0/cnt_read_reg[2]/C
                               i_ps/system_i/system_i/axi_protocol_converter_0/inst/gen_axilite.gen_b2s_conv.axilite_b2s/RD.ar_channel_0/cmd_translator_0/s_axburst_eq0_reg/CE
                                                              0.228         
i_ps/system_i/system_i/axi_protocol_converter_0/inst/gen_axilite.gen_b2s_conv.axilite_b2s/RD.r_channel_0/rd_data_fifo_0/cnt_read_reg[2]/C
                               i_ps/system_i/system_i/axi_protocol_converter_0/inst/gen_axilite.gen_b2s_conv.axilite_b2s/RD.ar_channel_0/cmd_translator_0/s_axburst_eq1_reg/CE
                                                              0.228         
i_ps/system_i/system_i/processing_system7/inst/PS7_i/MAXIGP1ACLK
                               i_ps/system_i/system_i/xadc/inst/INTR_CTRLR_GEN_I.INTERRUPT_CONTROL_I/GEN_IP_IRPT_STATUS_REG[13].GEN_REG_STATUS.ip_irpt_status_reg_reg[13]/D
                                                              0.231         
i_ps/system_i/system_i/processing_system7/inst/PS7_i/MAXIGP1ACLK
                               i_ps/system_i/system_i/xadc/inst/INTR_CTRLR_GEN_I.INTERRUPT_CONTROL_I/GEN_IP_IRPT_STATUS_REG[2].GEN_REG_STATUS.ip_irpt_status_reg_reg[2]/D
                                                              0.232         
i_ps/system_i/system_i/axi_protocol_converter_0/inst/gen_axilite.gen_b2s_conv.axilite_b2s/WR.b_channel_0/bid_fifo_0/cnt_read_reg[1]/C
                               i_ps/system_i/system_i/axi_protocol_converter_0/inst/gen_axilite.gen_b2s_conv.axilite_b2s/WR.aw_channel_0/cmd_translator_0/incr_cmd_0/axaddr_incr_reg[3]/D
                                                              0.233         
i_ps/system_i/system_i/processing_system7/inst/PS7_i/MAXIGP1ACLK
                               i_ps/system_i/system_i/xadc/inst/INTR_CTRLR_GEN_I.INTERRUPT_CONTROL_I/GEN_IP_IRPT_STATUS_REG[7].GEN_REG_STATUS.ip_irpt_status_reg_reg[7]/D
                                                              0.239         
i_ps/system_i/system_i/processing_system7/inst/PS7_i/MAXIGP1ACLK
                               i_ps/system_i/system_i/xadc/inst/INTR_CTRLR_GEN_I.INTERRUPT_CONTROL_I/GEN_IP_IRPT_STATUS_REG[5].GEN_REG_STATUS.ip_irpt_status_reg_reg[5]/D
                                                              0.240         
i_ps/system_i/system_i/processing_system7/inst/PS7_i/MAXIGP1ACLK
                               i_ps/system_i/system_i/xadc/inst/INTR_CTRLR_GEN_I.INTERRUPT_CONTROL_I/GEN_IP_IRPT_STATUS_REG[6].GEN_REG_STATUS.ip_irpt_status_reg_reg[6]/D
                                                              0.242         
i_ps/system_i/system_i/processing_system7/inst/PS7_i/MAXIGP1ACLK
                               i_ps/system_i/system_i/xadc/inst/INTR_CTRLR_GEN_I.INTERRUPT_CONTROL_I/GEN_IP_IRPT_STATUS_REG[15].GEN_REG_STATUS.ip_irpt_status_reg_reg[15]/D
                                                              0.247         
i_ps/system_i/system_i/xadc/inst/INTR_CTRLR_GEN_I.ip2bus_rdack_reg/C
                               i_ps/system_i/system_i/xadc/inst/AXI_LITE_IPIF_I/I_SLAVE_ATTACHMENT/I_DECODER/GEN_BKEND_CE_REGISTERS[11].ce_out_i_reg[11]/R
                                                              0.249         
i_ps/system_i/system_i/xadc/inst/INTR_CTRLR_GEN_I.ip2bus_rdack_reg/C
                               i_ps/system_i/system_i/xadc/inst/AXI_LITE_IPIF_I/I_SLAVE_ATTACHMENT/I_DECODER/GEN_BKEND_CE_REGISTERS[13].ce_out_i_reg[13]/R
                                                              0.249         
i_ps/system_i/system_i/xadc/inst/INTR_CTRLR_GEN_I.ip2bus_rdack_reg/C
                               i_ps/system_i/system_i/xadc/inst/AXI_LITE_IPIF_I/I_SLAVE_ATTACHMENT/I_DECODER/GEN_BKEND_CE_REGISTERS[19].ce_out_i_reg[19]/R
                                                              0.249         
i_ps/system_i/system_i/processing_system7/inst/PS7_i/MAXIGP1ACLK
                               i_ps/system_i/system_i/xadc/inst/INTR_CTRLR_GEN_I.ip2bus_error_reg/D
                                                              0.251         
i_ps/system_i/system_i/axi_protocol_converter_0/inst/gen_axilite.gen_b2s_conv.axilite_b2s/RD.r_channel_0/rd_data_fifo_0/cnt_read_reg[2]/C
                               i_ps/system_i/system_i/xadc/inst/AXI_LITE_IPIF_I/I_SLAVE_ATTACHMENT/INCLUDE_DPHASE_TIMER.dpto_cnt_reg[0]/CE
                                                              0.269         
i_ps/system_i/system_i/axi_protocol_converter_0/inst/gen_axilite.gen_b2s_conv.axilite_b2s/RD.r_channel_0/rd_data_fifo_0/cnt_read_reg[2]/C
                               i_ps/system_i/system_i/xadc/inst/AXI_LITE_IPIF_I/I_SLAVE_ATTACHMENT/INCLUDE_DPHASE_TIMER.dpto_cnt_reg[1]/CE
                                                              0.269         
i_ps/system_i/system_i/axi_protocol_converter_0/inst/gen_axilite.gen_b2s_conv.axilite_b2s/RD.r_channel_0/rd_data_fifo_0/cnt_read_reg[2]/C
                               i_ps/system_i/system_i/xadc/inst/AXI_LITE_IPIF_I/I_SLAVE_ATTACHMENT/INCLUDE_DPHASE_TIMER.dpto_cnt_reg[2]/CE
                                                              0.269         
i_ps/system_i/system_i/axi_protocol_converter_0/inst/gen_axilite.gen_b2s_conv.axilite_b2s/RD.r_channel_0/rd_data_fifo_0/cnt_read_reg[2]/C
                               i_ps/system_i/system_i/xadc/inst/AXI_LITE_IPIF_I/I_SLAVE_ATTACHMENT/INCLUDE_DPHASE_TIMER.dpto_cnt_reg[3]/CE
                                                              0.269         
i_ps/system_i/system_i/axi_protocol_converter_0/inst/gen_axilite.gen_b2s_conv.axilite_b2s/RD.r_channel_0/rd_data_fifo_0/cnt_read_reg[2]/C
                               i_ps/system_i/system_i/xadc/inst/AXI_LITE_IPIF_I/I_SLAVE_ATTACHMENT/INCLUDE_DPHASE_TIMER.dpto_cnt_reg[4]/CE
                                                              0.269         
i_ps/system_i/system_i/axi_protocol_converter_0/inst/gen_axilite.gen_b2s_conv.axilite_b2s/RD.r_channel_0/rd_data_fifo_0/cnt_read_reg[2]/C
                               i_ps/system_i/system_i/xadc/inst/AXI_LITE_IPIF_I/I_SLAVE_ATTACHMENT/INCLUDE_DPHASE_TIMER.dpto_cnt_reg[5]/CE
                                                              0.269         
i_ps/system_i/system_i/axi_protocol_converter_0/inst/gen_axilite.gen_b2s_conv.axilite_b2s/RD.r_channel_0/rd_data_fifo_0/cnt_read_reg[2]/C
                               i_ps/system_i/system_i/xadc/inst/AXI_LITE_IPIF_I/I_SLAVE_ATTACHMENT/INCLUDE_DPHASE_TIMER.dpto_cnt_reg[6]/CE
                                                              0.269         
i_ps/system_i/system_i/axi_protocol_converter_0/inst/gen_axilite.gen_b2s_conv.axilite_b2s/SI_REG/aw.aw_pipe/m_payload_i_reg[1]/C
                               i_ps/system_i/system_i/axi_protocol_converter_0/inst/gen_axilite.gen_b2s_conv.axilite_b2s/WR.aw_channel_0/cmd_translator_0/wrap_cmd_0/wrap_second_len_r_reg[0]/D
                                                              0.269         
i_ps/system_i/system_i/xadc/inst/INTR_CTRLR_GEN_I.ip2bus_rdack_reg/C
                               i_ps/system_i/system_i/xadc/inst/AXI_LITE_IPIF_I/I_SLAVE_ATTACHMENT/I_DECODER/GEN_BKEND_CE_REGISTERS[10].ce_out_i_reg[10]/R
                                                              0.277         
i_ps/system_i/system_i/xadc/inst/INTR_CTRLR_GEN_I.ip2bus_rdack_reg/C
                               i_ps/system_i/system_i/xadc/inst/AXI_LITE_IPIF_I/I_SLAVE_ATTACHMENT/I_DECODER/GEN_BKEND_CE_REGISTERS[16].ce_out_i_reg[16]/R
                                                              0.277         
i_ps/system_i/system_i/xadc/inst/INTR_CTRLR_GEN_I.ip2bus_rdack_reg/C
                               i_ps/system_i/system_i/xadc/inst/AXI_LITE_IPIF_I/I_SLAVE_ATTACHMENT/I_DECODER/GEN_BKEND_CE_REGISTERS[17].ce_out_i_reg[17]/R
                                                              0.277         
i_ps/system_i/system_i/xadc/inst/INTR_CTRLR_GEN_I.ip2bus_wrack_reg/C
                               i_ps/system_i/system_i/axi_protocol_converter_0/inst/gen_axilite.gen_b2s_conv.axilite_b2s/WR.aw_channel_0/cmd_translator_0/incr_cmd_0/axaddr_incr_reg[10]/D
                                                              0.281         
i_ps/system_i/system_i/axi_protocol_converter_0/inst/gen_axilite.gen_b2s_conv.axilite_b2s/SI_REG/aw.aw_pipe/m_payload_i_reg[4]/C
                               i_ps/system_i/system_i/xadc/inst/AXI_XADC_CORE_I/XADC_INST/DADDR[2]
                                                              0.289         
i_ps/system_i/system_i/axi_protocol_converter_0/inst/gen_axilite.gen_b2s_conv.axilite_b2s/SI_REG/aw.aw_pipe/m_payload_i_reg[6]/C
                               i_ps/system_i/system_i/xadc/inst/AXI_XADC_CORE_I/XADC_INST/DADDR[4]
                                                              0.295         
i_ps/system_i/system_i/xadc/inst/INTR_CTRLR_GEN_I.ip2bus_wrack_reg/C
                               i_ps/system_i/system_i/axi_protocol_converter_0/inst/gen_axilite.gen_b2s_conv.axilite_b2s/WR.aw_channel_0/cmd_translator_0/incr_cmd_0/axaddr_incr_reg[9]/D
                                                              0.299         
i_ps/system_i/system_i/xadc/inst/INTR_CTRLR_GEN_I.ip2bus_wrack_reg/C
                               i_ps/system_i/system_i/axi_protocol_converter_0/inst/gen_axilite.gen_b2s_conv.axilite_b2s/WR.aw_channel_0/cmd_translator_0/incr_cmd_0/axaddr_incr_reg[5]/D
                                                              0.312         
i_ps/system_i/system_i/axi_protocol_converter_0/inst/gen_axilite.gen_b2s_conv.axilite_b2s/SI_REG/aw.aw_pipe/m_payload_i_reg[6]/C
                               i_ps/system_i/system_i/xadc/inst/AXI_LITE_IPIF_I/I_SLAVE_ATTACHMENT/I_DECODER/GEN_BKEND_CE_REGISTERS[16].ce_out_i_reg[16]/D
                                                              0.318         
i_ps/system_i/system_i/processing_system7/inst/PS7_i/MAXIGP1ACLK
                               i_ps/system_i/system_i/xadc/inst/INTR_CTRLR_GEN_I.ip2bus_wrack_reg/D
                                                              0.320         
i_ps/system_i/system_i/xadc/inst/INTR_CTRLR_GEN_I.ip2bus_rdack_reg/C
                               i_ps/system_i/system_i/axi_protocol_converter_0/inst/gen_axilite.gen_b2s_conv.axilite_b2s/RD.ar_channel_0/cmd_translator_0/incr_cmd_0/axaddr_incr_reg[5]/D
                                                              0.322         
pwm[3]/vcnt_reg[0]/C           pwm[3]/bcnt_reg[0]/CE          0.322         
pwm[3]/vcnt_reg[0]/C           pwm[3]/bcnt_reg[1]/CE          0.322         
pwm[3]/vcnt_reg[0]/C           pwm[3]/bcnt_reg[2]/CE          0.322         
pwm[3]/vcnt_reg[0]/C           pwm[3]/bcnt_reg[3]/CE          0.322         
i_ps/system_i/system_i/processing_system7/inst/PS7_i/MAXIGP1ACLK
                               i_ps/system_i/system_i/xadc/inst/SOFT_RESET_I/reset_trig_reg/D
                                                              0.323         
i_ps/system_i/system_i/xadc/inst/INTR_CTRLR_GEN_I.ip2bus_rdack_reg/C
                               i_ps/system_i/system_i/xadc/inst/AXI_LITE_IPIF_I/I_SLAVE_ATTACHMENT/I_DECODER/GEN_BKEND_CE_REGISTERS[0].ce_out_i_reg[0]/R
                                                              0.330         
i_ps/system_i/system_i/xadc/inst/INTR_CTRLR_GEN_I.ip2bus_rdack_reg/C
                               i_ps/system_i/system_i/xadc/inst/AXI_LITE_IPIF_I/I_SLAVE_ATTACHMENT/I_DECODER/GEN_BKEND_CE_REGISTERS[15].ce_out_i_reg[15]/R
                                                              0.330         
i_ps/system_i/system_i/xadc/inst/INTR_CTRLR_GEN_I.ip2bus_rdack_reg/C
                               i_ps/system_i/system_i/xadc/inst/AXI_LITE_IPIF_I/I_SLAVE_ATTACHMENT/I_DECODER/GEN_BKEND_CE_REGISTERS[1].ce_out_i_reg[1]/R
                                                              0.330         
i_ps/system_i/system_i/xadc/inst/INTR_CTRLR_GEN_I.ip2bus_rdack_reg/C
                               i_ps/system_i/system_i/xadc/inst/AXI_LITE_IPIF_I/I_SLAVE_ATTACHMENT/I_DECODER/GEN_BKEND_CE_REGISTERS[3].ce_out_i_reg[3]/R
                                                              0.330         
pwm_rstn_reg/C                 pwm[0]/v_reg[0]/CE             0.333         
pwm_rstn_reg/C                 pwm[0]/v_reg[3]/CE             0.333         
i_ps/system_i/system_i/axi_protocol_converter_0/inst/gen_axilite.gen_b2s_conv.axilite_b2s/RD.ar_channel_0/ar_cmd_fsm_0/FSM_sequential_state_reg[1]/C
                               i_ps/system_i/system_i/axi_protocol_converter_0/inst/gen_axilite.gen_b2s_conv.axilite_b2s/RD.ar_channel_0/cmd_translator_0/wrap_cmd_0/wrap_cnt_r_reg[2]/D
                                                              0.344         
i_ps/system_i/system_i/axi_protocol_converter_0/inst/gen_axilite.gen_b2s_conv.axilite_b2s/WR.b_channel_0/bid_fifo_0/cnt_read_reg[1]/C
                               i_ps/system_i/system_i/axi_protocol_converter_0/inst/gen_axilite.gen_b2s_conv.axilite_b2s/WR.aw_channel_0/cmd_translator_0/incr_cmd_0/axlen_cnt_reg[4]/CE
                                                              0.345         
i_ps/system_i/system_i/axi_protocol_converter_0/inst/gen_axilite.gen_b2s_conv.axilite_b2s/WR.b_channel_0/bid_fifo_0/cnt_read_reg[1]/C
                               i_ps/system_i/system_i/axi_protocol_converter_0/inst/gen_axilite.gen_b2s_conv.axilite_b2s/WR.aw_channel_0/cmd_translator_0/incr_cmd_0/axlen_cnt_reg[5]/CE
                                                              0.345         
i_ps/system_i/system_i/axi_protocol_converter_0/inst/gen_axilite.gen_b2s_conv.axilite_b2s/WR.b_channel_0/bid_fifo_0/cnt_read_reg[1]/C
                               i_ps/system_i/system_i/axi_protocol_converter_0/inst/gen_axilite.gen_b2s_conv.axilite_b2s/WR.aw_channel_0/cmd_translator_0/incr_cmd_0/axlen_cnt_reg[6]/CE
                                                              0.345         
i_ps/system_i/system_i/axi_protocol_converter_0/inst/gen_axilite.gen_b2s_conv.axilite_b2s/WR.b_channel_0/bid_fifo_0/cnt_read_reg[1]/C
                               i_ps/system_i/system_i/axi_protocol_converter_0/inst/gen_axilite.gen_b2s_conv.axilite_b2s/WR.aw_channel_0/cmd_translator_0/incr_cmd_0/axlen_cnt_reg[7]/CE
                                                              0.345         
i_ps/system_i/system_i/axi_protocol_converter_0/inst/gen_axilite.gen_b2s_conv.axilite_b2s/RD.r_channel_0/rd_data_fifo_0/cnt_read_reg[2]/C
                               i_ps/system_i/system_i/axi_protocol_converter_0/inst/gen_axilite.gen_b2s_conv.axilite_b2s/RD.ar_channel_0/cmd_translator_0/wrap_cmd_0/sel_first_reg/CE
                                                              0.351         
pwm_rstn_reg/C                 pwm[0]/v_reg[1]/CE             0.352         
pwm_rstn_reg/C                 pwm[0]/v_reg[2]/CE             0.352         
pwm_rstn_reg/C                 pwm[0]/v_reg[4]/CE             0.352         
pwm_rstn_reg/C                 pwm[0]/v_reg[5]/CE             0.352         
pwm_rstn_reg/C                 pwm[0]/v_reg[6]/CE             0.352         
pwm_rstn_reg/C                 pwm[0]/v_reg[7]/CE             0.352         
i_ps/system_i/system_i/xadc/inst/INTR_CTRLR_GEN_I.ip2bus_wrack_reg/C
                               i_ps/system_i/system_i/axi_protocol_converter_0/inst/gen_axilite.gen_b2s_conv.axilite_b2s/WR.aw_channel_0/cmd_translator_0/incr_cmd_0/axaddr_incr_reg[6]/D
                                                              0.360         
pwm_rstn_reg/C                 pwm[3]/bcnt_reg[0]/R           0.363         
pwm_rstn_reg/C                 pwm[3]/bcnt_reg[1]/R           0.363         
pwm_rstn_reg/C                 pwm[3]/bcnt_reg[2]/R           0.363         
pwm_rstn_reg/C                 pwm[3]/bcnt_reg[3]/R           0.363         
i_ps/system_i/system_i/xadc/inst/INTR_CTRLR_GEN_I.ip2bus_rdack_reg/C
                               i_ps/system_i/system_i/axi_protocol_converter_0/inst/gen_axilite.gen_b2s_conv.axilite_b2s/RD.ar_channel_0/cmd_translator_0/incr_cmd_0/axaddr_incr_reg[8]/D
                                                              0.367         
i_ps/system_i/system_i/xadc/inst/INTR_CTRLR_GEN_I.ip2bus_rdack_reg/C
                               i_ps/system_i/system_i/axi_protocol_converter_0/inst/gen_axilite.gen_b2s_conv.axilite_b2s/RD.ar_channel_0/cmd_translator_0/incr_cmd_0/axlen_cnt_reg[4]/CE
                                                              0.367         
i_ps/system_i/system_i/xadc/inst/INTR_CTRLR_GEN_I.ip2bus_rdack_reg/C
                               i_ps/system_i/system_i/axi_protocol_converter_0/inst/gen_axilite.gen_b2s_conv.axilite_b2s/RD.ar_channel_0/cmd_translator_0/incr_cmd_0/axlen_cnt_reg[5]/CE
                                                              0.367         
pwm_rstn_reg/C                 pwm[2]/pwm_o_reg/R             0.377         
pwm_rstn_reg/C                 pwm[1]/b_reg[12]/CE            0.378         
pwm_rstn_reg/C                 pwm[1]/b_reg[13]/CE            0.378         
pwm_rstn_reg/C                 pwm[0]/bcnt_reg[0]/CE          0.383         
pwm_rstn_reg/C                 pwm[0]/bcnt_reg[1]/CE          0.383         
pwm_rstn_reg/C                 pwm[0]/bcnt_reg[2]/CE          0.383         
pwm_rstn_reg/C                 pwm[0]/bcnt_reg[3]/CE          0.383         
pwm_rstn_reg/C                 pwm[1]/b_reg[1]/CE             0.391         
pwm_rstn_reg/C                 pwm[1]/b_reg[7]/CE             0.391         
pwm_rstn_reg/C                 pwm[1]/b_reg[8]/CE             0.391         
pwm_rstn_reg/C                 pwm[1]/b_reg[9]/CE             0.391         
pwm_rstn_reg/C                 pwm[1]/b_reg[10]/CE            0.399         
pwm_rstn_reg/C                 pwm[1]/b_reg[11]/CE            0.399         
pwm_rstn_reg/C                 pwm[1]/b_reg[5]/CE             0.399         
pwm_rstn_reg/C                 pwm[1]/b_reg[6]/CE             0.399         
pwm_rstn_reg/C                 pwm[3]/v_reg[0]/CE             0.403         
pwm_rstn_reg/C                 pwm[3]/v_reg[1]/CE             0.403         
pwm_rstn_reg/C                 pwm[3]/v_reg[2]/CE             0.403         
pwm_rstn_reg/C                 pwm[3]/v_reg[3]/CE             0.403         
pwm_rstn_reg/C                 pwm[3]/v_reg[4]/CE             0.403         
pwm_rstn_reg/C                 pwm[3]/v_reg[5]/CE             0.403         
pwm_rstn_reg/C                 pwm[3]/v_reg[6]/CE             0.403         
pwm_rstn_reg/C                 pwm[3]/v_reg[7]/CE             0.403         
pwm[2]/vcnt_reg[2]/C           pwm[2]/bcnt_reg[0]/CE          0.405         
pwm[2]/vcnt_reg[2]/C           pwm[2]/bcnt_reg[1]/CE          0.405         
pwm[2]/vcnt_reg[2]/C           pwm[2]/v_reg[0]/CE             0.423         
pwm[2]/vcnt_reg[2]/C           pwm[2]/v_reg[1]/CE             0.423         
pwm[2]/vcnt_reg[2]/C           pwm[2]/v_reg[2]/CE             0.423         
pwm[2]/vcnt_reg[2]/C           pwm[2]/v_reg[3]/CE             0.423         
pwm[2]/vcnt_reg[2]/C           pwm[2]/v_reg[5]/CE             0.423         
pwm[2]/vcnt_reg[2]/C           pwm[2]/v_reg[6]/CE             0.423         
pwm[2]/vcnt_reg[2]/C           pwm[2]/v_reg[7]/CE             0.423         
pwm[1]/vcnt_reg[2]/C           pwm[1]/v_reg[3]/CE             0.424         
pwm[1]/vcnt_reg[2]/C           pwm[1]/v_reg[5]/CE             0.424         
pwm[1]/vcnt_reg[2]/C           pwm[1]/v_reg[6]/CE             0.424         
pwm[1]/vcnt_reg[2]/C           pwm[1]/v_reg[7]/CE             0.424         
pwm_rstn_reg/C                 pwm[3]/vcnt_reg[1]/R           0.464         
pwm_rstn_reg/C                 pwm[3]/vcnt_reg[2]/R           0.464         
pwm_rstn_reg/C                 pwm[3]/vcnt_reg[3]/R           0.464         
pwm_rstn_reg/C                 pwm[3]/vcnt_reg[4]/R           0.464         
pwm_rstn_reg/C                 pwm[3]/vcnt_reg[5]/R           0.464         
pwm_rstn_reg/C                 pwm[3]/vcnt_reg[6]/R           0.464         
pwm_rstn_reg/C                 pwm[3]/vcnt_reg[7]/R           0.464         
pwm_rstn_reg/C                 pwm[1]/vcnt_reg[6]/R           0.467         
pwm_rstn_reg/C                 pwm[1]/vcnt_reg[7]/R           0.467         
pwm_rstn_reg/C                 pwm[3]/b_reg[0]/CE             0.468         
pwm_rstn_reg/C                 pwm[3]/b_reg[1]/CE             0.468         
pwm_rstn_reg/C                 pwm[3]/b_reg[2]/CE             0.468         
pwm[2]/vcnt_reg[2]/C           pwm[2]/v_reg[4]/CE             0.481         
pwm_rstn_reg/C                 pwm[1]/vcnt_reg[1]/R           0.489         
pwm_rstn_reg/C                 pwm[1]/vcnt_reg[2]/R           0.489         
pwm_rstn_reg/C                 pwm[1]/vcnt_reg[3]/R           0.489         
pwm_rstn_reg/C                 pwm[1]/vcnt_reg[4]/R           0.489         
pwm_rstn_reg/C                 pwm[1]/vcnt_reg[5]/R           0.489         
pwm[2]/vcnt_reg[2]/C           pwm[2]/b_reg[12]/CE            0.499         
pwm[2]/vcnt_reg[2]/C           pwm[2]/b_reg[13]/CE            0.499         
pwm[2]/vcnt_reg[2]/C           pwm[2]/b_reg[14]/CE            0.499         
pwm[2]/vcnt_reg[2]/C           pwm[2]/b_reg[15]/CE            0.499         
pwm[2]/vcnt_reg[2]/C           pwm[2]/b_reg[7]/CE             0.499         
pwm[2]/vcnt_reg[2]/C           pwm[2]/bcnt_reg[2]/CE          0.505         
pwm[2]/vcnt_reg[2]/C           pwm[2]/bcnt_reg[3]/CE          0.505         
pwm_rstn_reg/C                 pwm[3]/vcnt_reg[0]/R           0.508         
pwm_rstn_reg/C                 pwm[1]/b_reg[0]/CE             0.522         
pwm_rstn_reg/C                 pwm[1]/b_reg[14]/CE            0.522         
pwm_rstn_reg/C                 pwm[1]/b_reg[2]/CE             0.522         
pwm_rstn_reg/C                 pwm[1]/b_reg[3]/CE             0.522         
pwm_rstn_reg/C                 pwm[1]/b_reg[4]/CE             0.522         
pwm_rstn_reg/C                 pwm[1]/vcnt_reg[1]/CE          0.530         
pwm_rstn_reg/C                 pwm[1]/vcnt_reg[2]/CE          0.530         
pwm_rstn_reg/C                 pwm[1]/vcnt_reg[3]/CE          0.530         
pwm_rstn_reg/C                 pwm[1]/vcnt_reg[4]/CE          0.530         
pwm_rstn_reg/C                 pwm[1]/vcnt_reg[5]/CE          0.530         
i_ams/dac_d_o_reg[16]/C        pwm[3]/v_reg[0]/D              0.540         
pwm[2]/vcnt_reg[2]/C           pwm[2]/vcnt_reg[3]/CE          0.543         
pwm[2]/vcnt_reg[2]/C           pwm[2]/vcnt_reg[4]/CE          0.543         
pwm[1]/vcnt_reg[2]/C           pwm[1]/v_reg[0]/CE             0.566         
pwm[1]/vcnt_reg[2]/C           pwm[1]/v_reg[1]/CE             0.566         
pwm[1]/vcnt_reg[2]/C           pwm[1]/v_reg[2]/CE             0.566         
pwm[1]/vcnt_reg[2]/C           pwm[1]/v_reg[4]/CE             0.566         
dac_rst_reg/C                  oddr_dac_dat[0]/R              0.618         
dac_rst_reg/C                  oddr_dac_dat[4]/R              0.650         
dac_rst_reg/C                  oddr_dac_dat[2]/R              0.678         
dac_rst_reg/C                  oddr_dac_dat[5]/R              0.687         
dac_rst_reg/C                  oddr_dac_dat[13]/R             0.724         
dac_rst_reg/C                  oddr_dac_dat[3]/R              0.749         
dac_rst_reg/C                  oddr_dac_dat[1]/R              0.756         
dac_rst_reg/C                  oddr_dac_dat[6]/R              0.760         
dac_rst_reg/C                  oddr_dac_dat[12]/R             0.862         
dac_rst_reg/C                  oddr_dac_dat[11]/R             0.865         
dac_rst_reg/C                  oddr_dac_dat[10]/R             0.878         
dac_rst_reg/C                  oddr_dac_sel/R                 0.878         
dac_rst_reg/C                  oddr_dac_dat[7]/R              0.900         
dac_rst_reg/C                  oddr_dac_dat[9]/R              0.940         
dac_rst_reg/C                  oddr_dac_dat[8]/R              1.087         
i_dsp/sum2_reg[3]/C            dac_dat_b_reg[3]/D             1.554         
dac_rst_reg/C                  oddr_dac_rst/D2                1.778         
dac_dat_a_reg[10]/C            oddr_dac_dat[10]/D2            1.846         
dac_dat_a_reg[9]/C             oddr_dac_dat[9]/D2             1.853         
dac_dat_a_reg[3]/C             oddr_dac_dat[3]/D2             1.905         
dac_dat_a_reg[8]/C             oddr_dac_dat[8]/D2             1.979         
dac_dat_a_reg[0]/C             oddr_dac_dat[0]/D2             1.985         
dac_dat_a_reg[1]/C             oddr_dac_dat[1]/D2             1.987         
dac_dat_a_reg[11]/C            oddr_dac_dat[11]/D2            1.989         
dac_dat_a_reg[2]/C             oddr_dac_dat[2]/D2             2.008         
dac_dat_a_reg[7]/C             oddr_dac_dat[7]/D2             2.040         
dac_dat_a_reg[5]/C             oddr_dac_dat[5]/D2             2.040         
dac_dat_a_reg[12]/C            oddr_dac_dat[12]/D2            2.048         
dac_dat_a_reg[13]/C            oddr_dac_dat[13]/D2            2.049         
dac_dat_a_reg[6]/C             oddr_dac_dat[6]/D2             2.055         
dac_dat_a_reg[4]/C             oddr_dac_dat[4]/D2             2.057         
i_dsp/sum1_reg[14]/C           dac_dat_a_reg[5]/D             2.271         
i_dsp/sum2_reg[13]/C           dac_dat_b_reg[4]/D             2.470         
i_dsp/sum1_reg[14]/C           dac_dat_a_reg[12]/D            2.574         
i_dsp/sum1_reg[16]/C           dac_dat_a_reg[9]/D             2.792         
i_dsp/sum2_reg[14]/C           dac_dat_b_reg[12]/D            2.828         
i_dsp/sum2_reg[14]/C           dac_dat_b_reg[5]/D             2.857         
i_dsp/sum1_reg[13]/C           dac_dat_a_reg[1]/D             2.901         
i_dsp/sum2_reg[14]/C           dac_dat_b_reg[6]/D             2.943         
i_dsp/sum1_reg[13]/C           dac_dat_a_reg[4]/D             3.023         
i_dsp/sum1_reg[14]/C           dac_dat_a_reg[2]/D             3.168         
i_dsp/sum2_reg[14]/C           dac_dat_b_reg[10]/D            3.274         
i_dsp/sum2_reg[14]/C           dac_dat_b_reg[9]/D             3.364         
i_dsp/sum2_reg[13]/C           dac_dat_b_reg[8]/D             3.367         
i_dsp/sum1_reg[14]/C           dac_dat_a_reg[7]/D             3.375         
i_dsp/sum2_reg[17]/C           dac_dat_b_reg[13]/D            3.407         
i_dsp/sum1_reg[3]/C            dac_dat_a_reg[3]/D             3.409         
i_dsp/sum2_reg[16]/C           dac_dat_b_reg[1]/D             3.490         
i_dsp/sum2_reg[14]/C           dac_dat_b_reg[2]/D             3.523         
i_dsp/sum2_reg[14]/C           dac_dat_b_reg[11]/D            3.544         
i_dsp/sum1_reg[14]/C           dac_dat_a_reg[0]/D             3.551         
i_dsp/sum1_reg[16]/C           dac_dat_a_reg[10]/D            3.582         
i_dsp/sum1_reg[13]/C           dac_dat_a_reg[11]/D            3.586         
i_dsp/sum2_reg[14]/C           dac_dat_b_reg[0]/D             3.630         
i_dsp/sum1_reg[17]/C           dac_dat_a_reg[13]/D            3.863         
i_dsp/sum2_reg[13]/C           dac_dat_b_reg[7]/D             3.913         
i_dsp/sum1_reg[13]/C           dac_dat_a_reg[8]/D             3.974         
i_dsp/sum1_reg[14]/C           dac_dat_a_reg[6]/D             4.401         
dac_rst_reg/C                  oddr_dac_rst/D1                5.588         
dac_dat_b_reg[2]/C             oddr_dac_dat[2]/D1             5.771         
dac_dat_b_reg[3]/C             oddr_dac_dat[3]/D1             5.780         
dac_dat_b_reg[11]/C            oddr_dac_dat[11]/D1            5.859         
dac_dat_b_reg[9]/C             oddr_dac_dat[9]/D1             5.890         
dac_dat_b_reg[6]/C             oddr_dac_dat[6]/D1             5.903         
dac_dat_b_reg[4]/C             oddr_dac_dat[4]/D1             5.905         
dac_dat_b_reg[7]/C             oddr_dac_dat[7]/D1             5.978         
dac_dat_b_reg[0]/C             oddr_dac_dat[0]/D1             5.982         
dac_dat_b_reg[1]/C             oddr_dac_dat[1]/D1             5.994         
dac_dat_b_reg[10]/C            oddr_dac_dat[10]/D1            6.003         
dac_dat_b_reg[12]/C            oddr_dac_dat[12]/D1            6.040         
dac_dat_b_reg[5]/C             oddr_dac_dat[5]/D1             6.051         
dac_dat_b_reg[13]/C            oddr_dac_dat[13]/D1            6.056         
dac_dat_b_reg[8]/C             oddr_dac_dat[8]/D1             6.127         



