Copyright 1986-2020 Xilinx, Inc. All Rights Reserved.
----------------------------------------------------------------------------------------
| Tool Version     : Vivado v.2020.1 (lin64) Build 2902540 Wed May 27 19:54:35 MDT 2020
| Date             : Thu Nov 26 17:44:33 2020
| Host             : olaf-ThinkCentre-M93p running 64-bit Ubuntu 20.04.1 LTS
| Command          : report_power -file out/post_synth_power.rpt
| Design           : red_pitaya_top
| Device           : xc7z010clg400-1
| Design State     : synthesized
| Grade            : commercial
| Process          : typical
| Characterization : Production
----------------------------------------------------------------------------------------

Power Report

Table of Contents
-----------------
1. Summary
1.1 On-Chip Components
1.2 Power Supply Summary
1.3 Confidence Level
2. Settings
2.1 Environment
2.2 Clock Constraints
3. Detailed Reports
3.1 By Hierarchy

1. Summary
----------

+--------------------------+--------------+
| Total On-Chip Power (W)  | 2.175        |
| Design Power Budget (W)  | Unspecified* |
| Power Budget Margin (W)  | NA           |
| Dynamic (W)              | 2.035        |
| Device Static (W)        | 0.140        |
| Effective TJA (C/W)      | 11.5         |
| Max Ambient (C)          | 59.9         |
| Junction Temperature (C) | 50.1         |
| Confidence Level         | Low          |
| Setting File             | ---          |
| Simulation Activity File | ---          |
| Design Nets Matched      | NA           |
+--------------------------+--------------+
* Specify Design Power Budget using, set_operating_conditions -design_power_budget <value in Watts>


1.1 On-Chip Components
----------------------

+-------------------------+-----------+----------+-----------+-----------------+
| On-Chip                 | Power (W) | Used     | Available | Utilization (%) |
+-------------------------+-----------+----------+-----------+-----------------+
| Clocks                  |     0.068 |       15 |       --- |             --- |
| Slice Logic             |     0.106 |    31021 |       --- |             --- |
|   LUT as Logic          |     0.088 |    14254 |     17600 |           80.99 |
|   CARRY4                |     0.013 |     1266 |      4400 |           28.77 |
|   Register              |     0.004 |    12547 |     35200 |           35.64 |
|   F7/F8 Muxes           |    <0.001 |      517 |     17600 |            2.94 |
|   LUT as Shift Register |    <0.001 |       67 |      6000 |            1.12 |
|   Others                |     0.000 |      405 |       --- |             --- |
|   BUFG                  |     0.000 |        1 |        32 |            3.13 |
| Signals                 |     0.106 |    26801 |       --- |             --- |
| Block RAM               |     0.092 |       32 |        60 |           53.33 |
| PLL                     |     0.097 |        1 |         2 |           50.00 |
| DSPs                    |     0.025 |       39 |        80 |           48.75 |
| I/O                     |     0.244 |       91 |       100 |           91.00 |
| XADC                    |     0.004 |        1 |       --- |             --- |
| PS7                     |     1.292 |        1 |       --- |             --- |
| Static Power            |     0.140 |          |           |                 |
| Total                   |     2.174 |          |           |                 |
+-------------------------+-----------+----------+-----------+-----------------+


1.2 Power Supply Summary
------------------------

+-----------+-------------+-----------+-------------+------------+-------------+-------------+------------+
| Source    | Voltage (V) | Total (A) | Dynamic (A) | Static (A) | Powerup (A) | Budget (A)  | Margin (A) |
+-----------+-------------+-----------+-------------+------------+-------------+-------------+------------+
| Vccint    |       1.000 |     0.409 |       0.399 |      0.010 |       NA    | Unspecified | NA         |
| Vccaux    |       1.800 |     0.065 |       0.056 |      0.009 |       NA    | Unspecified | NA         |
| Vcco33    |       3.300 |     0.071 |       0.070 |      0.001 |       NA    | Unspecified | NA         |
| Vcco25    |       2.500 |     0.000 |       0.000 |      0.000 |       NA    | Unspecified | NA         |
| Vcco18    |       1.800 |     0.002 |       0.001 |      0.001 |       NA    | Unspecified | NA         |
| Vcco15    |       1.500 |     0.000 |       0.000 |      0.000 |       NA    | Unspecified | NA         |
| Vcco135   |       1.350 |     0.000 |       0.000 |      0.000 |       NA    | Unspecified | NA         |
| Vcco12    |       1.200 |     0.000 |       0.000 |      0.000 |       NA    | Unspecified | NA         |
| Vccaux_io |       1.800 |     0.000 |       0.000 |      0.000 |       NA    | Unspecified | NA         |
| Vccbram   |       1.000 |     0.011 |       0.008 |      0.003 |       NA    | Unspecified | NA         |
| MGTAVcc   |       1.000 |     0.000 |       0.000 |      0.000 |       NA    | Unspecified | NA         |
| MGTAVtt   |       1.200 |     0.000 |       0.000 |      0.000 |       NA    | Unspecified | NA         |
| MGTVccaux |       1.800 |     0.000 |       0.000 |      0.000 |       NA    | Unspecified | NA         |
| Vccpint   |       1.000 |     0.714 |       0.678 |      0.036 |       NA    | Unspecified | NA         |
| Vccpaux   |       1.800 |     0.038 |       0.027 |      0.010 |       NA    | Unspecified | NA         |
| Vccpll    |       1.800 |     0.017 |       0.014 |      0.003 |       NA    | Unspecified | NA         |
| Vcco_ddr  |       1.500 |     0.356 |       0.354 |      0.002 |       NA    | Unspecified | NA         |
| Vcco_mio0 |       3.300 |     0.002 |       0.001 |      0.001 |       NA    | Unspecified | NA         |
| Vcco_mio1 |       2.500 |     0.003 |       0.002 |      0.001 |       NA    | Unspecified | NA         |
| Vccadc    |       1.800 |     0.022 |       0.002 |      0.020 |       NA    | Unspecified | NA         |
+-----------+-------------+-----------+-------------+------------+-------------+-------------+------------+


1.3 Confidence Level
--------------------

+-----------------------------+------------+--------------------------------------------------------+------------------------------------------------------------------------------------------------------------+
| User Input Data             | Confidence | Details                                                | Action                                                                                                     |
+-----------------------------+------------+--------------------------------------------------------+------------------------------------------------------------------------------------------------------------+
| Design implementation state | Low        | Design is synthesized                                  | Accuracy of the tool is not optimal until design is fully placed and routed                                |
| Clock nodes activity        | High       | User specified more than 95% of clocks                 |                                                                                                            |
| I/O nodes activity          | Low        | More than 75% of inputs are missing user specification | Provide missing input activity with simulation results or by editing the "By Resource Type -> I/Os" view   |
| Internal nodes activity     | Medium     | User specified less than 25% of internal nodes         | Provide missing internal nodes activity with simulation results or by editing the "By Resource Type" views |
| Device models               | High       | Device models are Production                           |                                                                                                            |
|                             |            |                                                        |                                                                                                            |
| Overall confidence level    | Low        |                                                        |                                                                                                            |
+-----------------------------+------------+--------------------------------------------------------+------------------------------------------------------------------------------------------------------------+


2. Settings
-----------

2.1 Environment
---------------

+-----------------------+------------------------+
| Ambient Temp (C)      | 25.0                   |
| ThetaJA (C/W)         | 11.5                   |
| Airflow (LFM)         | 250                    |
| Heat Sink             | none                   |
| ThetaSA (C/W)         | 0.0                    |
| Board Selection       | medium (10"x10")       |
| # of Board Layers     | 8to11 (8 to 11 Layers) |
| Board Temperature (C) | 25.0                   |
+-----------------------+------------------------+


2.2 Clock Constraints
---------------------

+----------------+-----------------------------------------------------------------------+-----------------+
| Clock          | Domain                                                                | Constraint (ns) |
+----------------+-----------------------------------------------------------------------+-----------------+
| adc_clk        | adc_clk_p_i                                                           |             8.0 |
| clk_fb         | pll/clk_fb                                                            |             8.0 |
| clk_fpga_0     | i_ps/system_i/system_i/processing_system7/inst/FCLK_CLK_unbuffered[0] |             8.0 |
| clk_fpga_1     | i_ps/system_i/system_i/processing_system7/inst/FCLK_CLK_unbuffered[1] |             4.0 |
| clk_fpga_2     | i_ps/system_i/system_i/processing_system7/inst/FCLK_CLK_unbuffered[2] |            20.0 |
| clk_fpga_3     | i_ps/system_i/system_i/processing_system7/inst/FCLK_CLK_unbuffered[3] |             5.0 |
| pll_adc_clk    | pll/clk_adc                                                           |             8.0 |
| pll_dac_clk_1x | pll/clk_dac_1x                                                        |             8.0 |
| pll_dac_clk_2p | pll/clk_dac_2p                                                        |             4.0 |
| pll_dac_clk_2x | pll/clk_dac_2x                                                        |             4.0 |
| pll_pwm_clk    | pll/clk_pwm                                                           |             4.0 |
| pll_ser_clk    | pll/clk_ser                                                           |             4.0 |
+----------------+-----------------------------------------------------------------------+-----------------+


3. Detailed Reports
-------------------

3.1 By Hierarchy
----------------

+-----------------------------+-----------+
| Name                        | Power (W) |
+-----------------------------+-----------+
| red_pitaya_top              |     2.034 |
|   i_ams                     |     0.001 |
|   i_asg                     |     0.061 |
|     adv_trig_a              |     0.001 |
|     adv_trig_b              |     0.001 |
|     ch[0]                   |     0.026 |
|     ch[1]                   |     0.025 |
|     prng                    |     0.002 |
|   i_dsp                     |     0.241 |
|     genblk2[0].i_pid        |     0.022 |
|       pidfilter             |     0.011 |
|     genblk2[1].i_pid        |     0.022 |
|       pidfilter             |     0.011 |
|     genblk2[2].i_pid        |     0.022 |
|       pidfilter             |     0.011 |
|     genblk3[3].i_trigger    |     0.007 |
|       triggerfilter         |     0.003 |
|     genblk4[4].iir          |     0.028 |
|       iir_inputfilter       |     0.002 |
|     genblk6[6].iq           |     0.049 |
|       demodulator           |     0.004 |
|       inputfilter           |     0.003 |
|       iq_fgen               |     0.018 |
|       iqfilter[0]           |     0.008 |
|       iqfilter[1]           |     0.008 |
|     genblk7[7].iq_2_outputs |     0.077 |
|       demodulator           |     0.004 |
|       inputfilter           |     0.003 |
|       iq_fgen               |     0.018 |
|       iqfilter[0]           |     0.016 |
|       iqfilter[1]           |     0.016 |
|       modulator             |     0.012 |
|   i_hk                      |     0.001 |
|   i_ps                      |     1.320 |
|     axi_slave_gp0           |     0.002 |
|     system_i                |     1.316 |
|       system_i              |     1.316 |
|   i_scope                   |     0.052 |
|   pll                       |     0.097 |
|   pwm[0]                    |     0.002 |
|   pwm[1]                    |     0.002 |
|   pwm[2]                    |     0.002 |
|   pwm[3]                    |     0.002 |
+-----------------------------+-----------+


